The system is: Linux - 3.10.0-1160.88.1.el7.x86_64 - x86_64
Compiling the C compiler identification source file "CMakeCCompilerId.c" succeeded.
Compiler: /cvmfs/soft.computecanada.ca/easybuild/software/2020/Core/gcccore/9.3.0/bin/cc 
Build flags: 
Id flags:  

The output was:
0


Compilation of the C compiler identification source "CMakeCCompilerId.c" produced "a.out"

The C compiler identification is GNU, found in "/home/soma1701/installations/hierarchies_to_scale/loop_fun_src/build/CMakeFiles/3.16.5/CompilerIdC/a.out"

Compiling the CXX compiler identification source file "CMakeCXXCompilerId.cpp" succeeded.
Compiler: /cvmfs/soft.computecanada.ca/easybuild/software/2020/Core/gcccore/9.3.0/bin/c++ 
Build flags: 
Id flags:  

The output was:
0


Compilation of the CXX compiler identification source "CMakeCXXCompilerId.cpp" produced "a.out"

The CXX compiler identification is GNU, found in "/home/soma1701/installations/hierarchies_to_scale/loop_fun_src/build/CMakeFiles/3.16.5/CompilerIdCXX/a.out"

Determining if the C compiler works passed with the following output:
Change Dir: /home/soma1701/installations/hierarchies_to_scale/loop_fun_src/build/CMakeFiles/CMakeTmp

Run Build Command(s):/cvmfs/soft.computecanada.ca/gentoo/2020/usr/bin/gmake cmTC_49478/fast && /cvmfs/soft.computecanada.ca/gentoo/2020/usr/bin/gmake -f CMakeFiles/cmTC_49478.dir/build.make CMakeFiles/cmTC_49478.dir/build
gmake[1]: Entering directory '/home/soma1701/installations/hierarchies_to_scale/loop_fun_src/build/CMakeFiles/CMakeTmp'
Building C object CMakeFiles/cmTC_49478.dir/testCCompiler.c.o
/cvmfs/soft.computecanada.ca/easybuild/software/2020/Core/gcccore/9.3.0/bin/cc    -o CMakeFiles/cmTC_49478.dir/testCCompiler.c.o   -c /home/soma1701/installations/hierarchies_to_scale/loop_fun_src/build/CMakeFiles/CMakeTmp/testCCompiler.c
Linking C executable cmTC_49478
/cvmfs/soft.computecanada.ca/gentoo/2020/usr/bin/cmake -E cmake_link_script CMakeFiles/cmTC_49478.dir/link.txt --verbose=1
/cvmfs/soft.computecanada.ca/easybuild/software/2020/Core/gcccore/9.3.0/bin/cc      -rdynamic CMakeFiles/cmTC_49478.dir/testCCompiler.c.o  -o cmTC_49478 
gmake[1]: Leaving directory '/home/soma1701/installations/hierarchies_to_scale/loop_fun_src/build/CMakeFiles/CMakeTmp'



Detecting C compiler ABI info compiled with the following output:
Change Dir: /home/soma1701/installations/hierarchies_to_scale/loop_fun_src/build/CMakeFiles/CMakeTmp

Run Build Command(s):/cvmfs/soft.computecanada.ca/gentoo/2020/usr/bin/gmake cmTC_ca703/fast && /cvmfs/soft.computecanada.ca/gentoo/2020/usr/bin/gmake -f CMakeFiles/cmTC_ca703.dir/build.make CMakeFiles/cmTC_ca703.dir/build
gmake[1]: Entering directory '/home/soma1701/installations/hierarchies_to_scale/loop_fun_src/build/CMakeFiles/CMakeTmp'
Building C object CMakeFiles/cmTC_ca703.dir/CMakeCCompilerABI.c.o
/cvmfs/soft.computecanada.ca/easybuild/software/2020/Core/gcccore/9.3.0/bin/cc   -v -o CMakeFiles/cmTC_ca703.dir/CMakeCCompilerABI.c.o   -c /cvmfs/soft.computecanada.ca/gentoo/2020/usr/share/cmake/Modules/CMakeCCompilerABI.c
Using built-in specs.
COLLECT_GCC=/cvmfs/soft.computecanada.ca/easybuild/software/2020/Core/gcccore/9.3.0/bin/cc
OFFLOAD_TARGET_NAMES=nvptx-none
Target: x86_64-pc-linux-gnu
Configured with: ../configure --with-sysroot=/cvmfs/soft.computecanada.ca/gentoo/2020 --enable-languages=c,c++,fortran --without-cuda-driver --enable-offload-targets=nvptx-none --enable-lto --enable-checking=release --disable-multilib --enable-shared=yes --enable-static=yes --enable-threads=posix --enable-plugins --enable-gold=default --enable-ld --with-plugin-ld=ld.gold --prefix=/cvmfs/soft.computecanada.ca/easybuild/software/2020/Core/gcccore/9.3.0 --with-local-prefix=/cvmfs/soft.computecanada.ca/easybuild/software/2020/Core/gcccore/9.3.0 --enable-bootstrap --with-isl=/tmp/ebuser/avx2/GCCcore/9.3.0/system-system/gcc-9.3.0/stage2_stuff --build=x86_64-pc-linux-gnu --host=x86_64-pc-linux-gnu
Thread model: posix
gcc version 9.3.0 (GCC) 
COLLECT_GCC_OPTIONS='-v' '-o' 'CMakeFiles/cmTC_ca703.dir/CMakeCCompilerABI.c.o' '-c' '-mtune=generic' '-march=x86-64'
 /cvmfs/soft.computecanada.ca/easybuild/software/2020/Core/gcccore/9.3.0/libexec/gcc/x86_64-pc-linux-gnu/9.3.0/cc1 -quiet -v /cvmfs/soft.computecanada.ca/gentoo/2020/usr/share/cmake/Modules/CMakeCCompilerABI.c -quiet -dumpbase CMakeCCompilerABI.c -mtune=generic -march=x86-64 -auxbase-strip CMakeFiles/cmTC_ca703.dir/CMakeCCompilerABI.c.o -version -o /tmp/ccCOgkIW.s
GNU C17 (GCC) version 9.3.0 (x86_64-pc-linux-gnu)
	compiled by GNU C version 9.3.0, GMP version 6.2.0, MPFR version 4.0.2, MPC version 1.1.0, isl version isl-0.22.1-GMP

GGC heuristics: --param ggc-min-expand=100 --param ggc-min-heapsize=131072
ignoring nonexistent directory "/cvmfs/soft.computecanada.ca/gentoo/2020/cvmfs/soft.computecanada.ca/easybuild/software/2020/Core/gcccore/9.3.0/include"
ignoring nonexistent directory "/cvmfs/soft.computecanada.ca/easybuild/software/2020/Core/gcccore/9.3.0/lib/gcc/x86_64-pc-linux-gnu/9.3.0/include-fixed"
ignoring nonexistent directory "/cvmfs/soft.computecanada.ca/easybuild/software/2020/Core/gcccore/9.3.0/lib/gcc/x86_64-pc-linux-gnu/9.3.0/../../../../x86_64-pc-linux-gnu/include"
#include "..." search starts here:
#include <...> search starts here:
 /cvmfs/soft.computecanada.ca/easybuild/software/2020/avx512/Compiler/intel2020/openmpi/4.0.3/include
 /cvmfs/soft.computecanada.ca/easybuild/software/2020/avx512/Core/libfabric/1.10.1/include
 /cvmfs/soft.computecanada.ca/easybuild/software/2020/avx512/Core/ucx/1.8.0/include
 /cvmfs/soft.computecanada.ca/easybuild/software/2020/Core/imkl/2020.1.217/mkl/include/fftw
 /cvmfs/soft.computecanada.ca/easybuild/software/2020/Core/imkl/2020.1.217/mkl/include
 /cvmfs/restricted.computecanada.ca/easybuild/software/2020/Core/intel/2020.1.217/compilers_and_libraries_2020.1.217/linux/tbb/include
 /cvmfs/soft.computecanada.ca/easybuild/software/2020/Core/gcccore/9.3.0/lib/gcc/x86_64-pc-linux-gnu/9.3.0/include
 /cvmfs/soft.computecanada.ca/gentoo/2020/usr/include
End of search list.
GNU C17 (GCC) version 9.3.0 (x86_64-pc-linux-gnu)
	compiled by GNU C version 9.3.0, GMP version 6.2.0, MPFR version 4.0.2, MPC version 1.1.0, isl version isl-0.22.1-GMP

GGC heuristics: --param ggc-min-expand=100 --param ggc-min-heapsize=131072
Compiler executable checksum: 3f9f1a6e2012c2f7e696a508033567d0
COLLECT_GCC_OPTIONS='-v' '-o' 'CMakeFiles/cmTC_ca703.dir/CMakeCCompilerABI.c.o' '-c' '-mtune=generic' '-march=x86-64'
 as -v --64 -o CMakeFiles/cmTC_ca703.dir/CMakeCCompilerABI.c.o /tmp/ccCOgkIW.s
GNU assembler version 2.33.1 (x86_64-pc-linux-gnu) using BFD version (Gentoo 2.33.1 p2) 2.33.1
COMPILER_PATH=/cvmfs/soft.computecanada.ca/easybuild/software/2020/Core/gcccore/9.3.0/libexec/gcc/x86_64-pc-linux-gnu/9.3.0/:/cvmfs/soft.computecanada.ca/easybuild/software/2020/Core/gcccore/9.3.0/libexec/gcc/x86_64-pc-linux-gnu/9.3.0/:/cvmfs/soft.computecanada.ca/easybuild/software/2020/Core/gcccore/9.3.0/libexec/gcc/x86_64-pc-linux-gnu/:/cvmfs/soft.computecanada.ca/easybuild/software/2020/Core/gcccore/9.3.0/lib/gcc/x86_64-pc-linux-gnu/9.3.0/:/cvmfs/soft.computecanada.ca/easybuild/software/2020/Core/gcccore/9.3.0/lib/gcc/x86_64-pc-linux-gnu/
LIBRARY_PATH=/cvmfs/soft.computecanada.ca/easybuild/software/2020/avx512/Compiler/intel2020/openmpi/4.0.3/lib/../lib64/:/cvmfs/soft.computecanada.ca/easybuild/software/2020/Core/gcccore/9.3.0/lib/gcc/x86_64-pc-linux-gnu/9.3.0/:/cvmfs/soft.computecanada.ca/easybuild/software/2020/Core/gcccore/9.3.0/lib/gcc/x86_64-pc-linux-gnu/9.3.0/../../../../lib64/:/cvmfs/soft.computecanada.ca/gentoo/2020/lib/../lib64/:/cvmfs/soft.computecanada.ca/gentoo/2020/usr/lib/../lib64/:/cvmfs/soft.computecanada.ca/easybuild/software/2020/avx512/Compiler/intel2020/openmpi/4.0.3/lib/:/cvmfs/soft.computecanada.ca/easybuild/software/2020/avx512/Core/libfabric/1.10.1/lib/:/cvmfs/soft.computecanada.ca/easybuild/software/2020/avx512/Core/ucx/1.8.0/lib/:/cvmfs/soft.computecanada.ca/easybuild/software/2020/Core/imkl/2020.1.217/mkl/lib/intel64/:/cvmfs/soft.computecanada.ca/easybuild/software/2020/Core/imkl/2020.1.217/lib/intel64/:/cvmfs/restricted.computecanada.ca/easybuild/software/2020/Core/intel/2020.1.217/compilers_and_libraries_2020.1.217/linux/tbb/lib/intel64/gcc4.8/:/cvmfs/soft.computecanada.ca/easybuild/software/2020/Core/gcccore/9.3.0/lib/gcc/x86_64-pc-linux-gnu/9.3.0/../../../:/cvmfs/soft.computecanada.ca/gentoo/2020/lib/:/cvmfs/soft.computecanada.ca/gentoo/2020/usr/lib/
COLLECT_GCC_OPTIONS='-v' '-o' 'CMakeFiles/cmTC_ca703.dir/CMakeCCompilerABI.c.o' '-c' '-mtune=generic' '-march=x86-64'
Linking C executable cmTC_ca703
/cvmfs/soft.computecanada.ca/gentoo/2020/usr/bin/cmake -E cmake_link_script CMakeFiles/cmTC_ca703.dir/link.txt --verbose=1
/cvmfs/soft.computecanada.ca/easybuild/software/2020/Core/gcccore/9.3.0/bin/cc     -v -rdynamic CMakeFiles/cmTC_ca703.dir/CMakeCCompilerABI.c.o  -o cmTC_ca703 
Using built-in specs.
COLLECT_GCC=/cvmfs/soft.computecanada.ca/easybuild/software/2020/Core/gcccore/9.3.0/bin/cc
COLLECT_LTO_WRAPPER=/cvmfs/soft.computecanada.ca/easybuild/software/2020/Core/gcccore/9.3.0/libexec/gcc/x86_64-pc-linux-gnu/9.3.0/lto-wrapper
OFFLOAD_TARGET_NAMES=nvptx-none
Target: x86_64-pc-linux-gnu
Configured with: ../configure --with-sysroot=/cvmfs/soft.computecanada.ca/gentoo/2020 --enable-languages=c,c++,fortran --without-cuda-driver --enable-offload-targets=nvptx-none --enable-lto --enable-checking=release --disable-multilib --enable-shared=yes --enable-static=yes --enable-threads=posix --enable-plugins --enable-gold=default --enable-ld --with-plugin-ld=ld.gold --prefix=/cvmfs/soft.computecanada.ca/easybuild/software/2020/Core/gcccore/9.3.0 --with-local-prefix=/cvmfs/soft.computecanada.ca/easybuild/software/2020/Core/gcccore/9.3.0 --enable-bootstrap --with-isl=/tmp/ebuser/avx2/GCCcore/9.3.0/system-system/gcc-9.3.0/stage2_stuff --build=x86_64-pc-linux-gnu --host=x86_64-pc-linux-gnu
Thread model: posix
gcc version 9.3.0 (GCC) 
COMPILER_PATH=/cvmfs/soft.computecanada.ca/easybuild/software/2020/Core/gcccore/9.3.0/libexec/gcc/x86_64-pc-linux-gnu/9.3.0/:/cvmfs/soft.computecanada.ca/easybuild/software/2020/Core/gcccore/9.3.0/libexec/gcc/x86_64-pc-linux-gnu/9.3.0/:/cvmfs/soft.computecanada.ca/easybuild/software/2020/Core/gcccore/9.3.0/libexec/gcc/x86_64-pc-linux-gnu/:/cvmfs/soft.computecanada.ca/easybuild/software/2020/Core/gcccore/9.3.0/lib/gcc/x86_64-pc-linux-gnu/9.3.0/:/cvmfs/soft.computecanada.ca/easybuild/software/2020/Core/gcccore/9.3.0/lib/gcc/x86_64-pc-linux-gnu/
LIBRARY_PATH=/cvmfs/soft.computecanada.ca/easybuild/software/2020/avx512/Compiler/intel2020/openmpi/4.0.3/lib/../lib64/:/cvmfs/soft.computecanada.ca/easybuild/software/2020/Core/gcccore/9.3.0/lib/gcc/x86_64-pc-linux-gnu/9.3.0/:/cvmfs/soft.computecanada.ca/easybuild/software/2020/Core/gcccore/9.3.0/lib/gcc/x86_64-pc-linux-gnu/9.3.0/../../../../lib64/:/cvmfs/soft.computecanada.ca/gentoo/2020/lib/../lib64/:/cvmfs/soft.computecanada.ca/gentoo/2020/usr/lib/../lib64/:/cvmfs/soft.computecanada.ca/easybuild/software/2020/avx512/Compiler/intel2020/openmpi/4.0.3/lib/:/cvmfs/soft.computecanada.ca/easybuild/software/2020/avx512/Core/libfabric/1.10.1/lib/:/cvmfs/soft.computecanada.ca/easybuild/software/2020/avx512/Core/ucx/1.8.0/lib/:/cvmfs/soft.computecanada.ca/easybuild/software/2020/Core/imkl/2020.1.217/mkl/lib/intel64/:/cvmfs/soft.computecanada.ca/easybuild/software/2020/Core/imkl/2020.1.217/lib/intel64/:/cvmfs/restricted.computecanada.ca/easybuild/software/2020/Core/intel/2020.1.217/compilers_and_libraries_2020.1.217/linux/tbb/lib/intel64/gcc4.8/:/cvmfs/soft.computecanada.ca/easybuild/software/2020/Core/gcccore/9.3.0/lib/gcc/x86_64-pc-linux-gnu/9.3.0/../../../:/cvmfs/soft.computecanada.ca/gentoo/2020/lib/:/cvmfs/soft.computecanada.ca/gentoo/2020/usr/lib/
COLLECT_GCC_OPTIONS='-v' '-rdynamic' '-o' 'cmTC_ca703' '-mtune=generic' '-march=x86-64'
 /cvmfs/soft.computecanada.ca/easybuild/software/2020/Core/gcccore/9.3.0/libexec/gcc/x86_64-pc-linux-gnu/9.3.0/collect2 -plugin /cvmfs/soft.computecanada.ca/easybuild/software/2020/Core/gcccore/9.3.0/libexec/gcc/x86_64-pc-linux-gnu/9.3.0/liblto_plugin.so -plugin-opt=/cvmfs/soft.computecanada.ca/easybuild/software/2020/Core/gcccore/9.3.0/libexec/gcc/x86_64-pc-linux-gnu/9.3.0/lto-wrapper -plugin-opt=-fresolution=/tmp/cc9mX7hi.res -plugin-opt=-pass-through=-lgcc -plugin-opt=-pass-through=-lgcc_s -plugin-opt=-pass-through=-lc -plugin-opt=-pass-through=-lgcc -plugin-opt=-pass-through=-lgcc_s --eh-frame-hdr -m elf_x86_64 -export-dynamic -dynamic-linker /cvmfs/soft.computecanada.ca/gentoo/2020/lib64/ld-linux-x86-64.so.2 -o cmTC_ca703 /cvmfs/soft.computecanada.ca/gentoo/2020/usr/lib/../lib64/crt1.o /cvmfs/soft.computecanada.ca/gentoo/2020/usr/lib/../lib64/crti.o /cvmfs/soft.computecanada.ca/easybuild/software/2020/Core/gcccore/9.3.0/lib/gcc/x86_64-pc-linux-gnu/9.3.0/crtbegin.o -L/cvmfs/soft.computecanada.ca/easybuild/software/2020/avx512/Compiler/intel2020/openmpi/4.0.3/lib/../lib64 -L/cvmfs/soft.computecanada.ca/easybuild/software/2020/Core/gcccore/9.3.0/lib/gcc/x86_64-pc-linux-gnu/9.3.0 -L/cvmfs/soft.computecanada.ca/easybuild/software/2020/Core/gcccore/9.3.0/lib/gcc/x86_64-pc-linux-gnu/9.3.0/../../../../lib64 -L/cvmfs/soft.computecanada.ca/gentoo/2020/lib/../lib64 -L/cvmfs/soft.computecanada.ca/gentoo/2020/usr/lib/../lib64 -L/cvmfs/soft.computecanada.ca/easybuild/software/2020/avx512/Compiler/intel2020/openmpi/4.0.3/lib -L/cvmfs/soft.computecanada.ca/easybuild/software/2020/avx512/Core/libfabric/1.10.1/lib -L/cvmfs/soft.computecanada.ca/easybuild/software/2020/avx512/Core/ucx/1.8.0/lib -L/cvmfs/soft.computecanada.ca/easybuild/software/2020/Core/imkl/2020.1.217/mkl/lib/intel64 -L/cvmfs/soft.computecanada.ca/easybuild/software/2020/Core/imkl/2020.1.217/lib/intel64 -L/cvmfs/restricted.computecanada.ca/easybuild/software/2020/Core/intel/2020.1.217/compilers_and_libraries_2020.1.217/linux/tbb/lib/intel64/gcc4.8 -L/cvmfs/soft.computecanada.ca/easybuild/software/2020/Core/gcccore/9.3.0/lib/gcc/x86_64-pc-linux-gnu/9.3.0/../../.. -L/cvmfs/soft.computecanada.ca/gentoo/2020/lib -L/cvmfs/soft.computecanada.ca/gentoo/2020/usr/lib CMakeFiles/cmTC_ca703.dir/CMakeCCompilerABI.c.o -lgcc --push-state --as-needed -lgcc_s --pop-state -lc -lgcc --push-state --as-needed -lgcc_s --pop-state /cvmfs/soft.computecanada.ca/easybuild/software/2020/Core/gcccore/9.3.0/lib/gcc/x86_64-pc-linux-gnu/9.3.0/crtend.o /cvmfs/soft.computecanada.ca/gentoo/2020/usr/lib/../lib64/crtn.o
COLLECT_GCC_OPTIONS='-v' '-rdynamic' '-o' 'cmTC_ca703' '-mtune=generic' '-march=x86-64'
gmake[1]: Leaving directory '/home/soma1701/installations/hierarchies_to_scale/loop_fun_src/build/CMakeFiles/CMakeTmp'



Parsed C implicit include dir info from above output: rv=done
  found start of include info
  found start of implicit include info
    add: [/cvmfs/soft.computecanada.ca/easybuild/software/2020/avx512/Compiler/intel2020/openmpi/4.0.3/include]
    add: [/cvmfs/soft.computecanada.ca/easybuild/software/2020/avx512/Core/libfabric/1.10.1/include]
    add: [/cvmfs/soft.computecanada.ca/easybuild/software/2020/avx512/Core/ucx/1.8.0/include]
    add: [/cvmfs/soft.computecanada.ca/easybuild/software/2020/Core/imkl/2020.1.217/mkl/include/fftw]
    add: [/cvmfs/soft.computecanada.ca/easybuild/software/2020/Core/imkl/2020.1.217/mkl/include]
    add: [/cvmfs/restricted.computecanada.ca/easybuild/software/2020/Core/intel/2020.1.217/compilers_and_libraries_2020.1.217/linux/tbb/include]
    add: [/cvmfs/soft.computecanada.ca/easybuild/software/2020/Core/gcccore/9.3.0/lib/gcc/x86_64-pc-linux-gnu/9.3.0/include]
    add: [/cvmfs/soft.computecanada.ca/gentoo/2020/usr/include]
  end of search list found
  collapse include dir [/cvmfs/soft.computecanada.ca/easybuild/software/2020/avx512/Compiler/intel2020/openmpi/4.0.3/include] ==> [/cvmfs/soft.computecanada.ca/easybuild/software/2020/avx512/Compiler/intel2020/openmpi/4.0.3/include]
  collapse include dir [/cvmfs/soft.computecanada.ca/easybuild/software/2020/avx512/Core/libfabric/1.10.1/include] ==> [/cvmfs/soft.computecanada.ca/easybuild/software/2020/avx512/Core/libfabric/1.10.1/include]
  collapse include dir [/cvmfs/soft.computecanada.ca/easybuild/software/2020/avx512/Core/ucx/1.8.0/include] ==> [/cvmfs/soft.computecanada.ca/easybuild/software/2020/avx512/Core/ucx/1.8.0/include]
  collapse include dir [/cvmfs/soft.computecanada.ca/easybuild/software/2020/Core/imkl/2020.1.217/mkl/include/fftw] ==> [/cvmfs/soft.computecanada.ca/easybuild/software/2020/Core/imkl/2020.1.217/mkl/include/fftw]
  collapse include dir [/cvmfs/soft.computecanada.ca/easybuild/software/2020/Core/imkl/2020.1.217/mkl/include] ==> [/cvmfs/soft.computecanada.ca/easybuild/software/2020/Core/imkl/2020.1.217/mkl/include]
  collapse include dir [/cvmfs/restricted.computecanada.ca/easybuild/software/2020/Core/intel/2020.1.217/compilers_and_libraries_2020.1.217/linux/tbb/include] ==> [/cvmfs/restricted.computecanada.ca/easybuild/software/2020/Core/intel/2020.1.217/compilers_and_libraries_2020.1.217/linux/tbb/include]
  collapse include dir [/cvmfs/soft.computecanada.ca/easybuild/software/2020/Core/gcccore/9.3.0/lib/gcc/x86_64-pc-linux-gnu/9.3.0/include] ==> [/cvmfs/soft.computecanada.ca/easybuild/software/2020/Core/gcccore/9.3.0/lib/gcc/x86_64-pc-linux-gnu/9.3.0/include]
  collapse include dir [/cvmfs/soft.computecanada.ca/gentoo/2020/usr/include] ==> [/cvmfs/soft.computecanada.ca/gentoo/2020/usr/include]
  implicit include dirs: [/cvmfs/soft.computecanada.ca/easybuild/software/2020/avx512/Compiler/intel2020/openmpi/4.0.3/include;/cvmfs/soft.computecanada.ca/easybuild/software/2020/avx512/Core/libfabric/1.10.1/include;/cvmfs/soft.computecanada.ca/easybuild/software/2020/avx512/Core/ucx/1.8.0/include;/cvmfs/soft.computecanada.ca/easybuild/software/2020/Core/imkl/2020.1.217/mkl/include/fftw;/cvmfs/soft.computecanada.ca/easybuild/software/2020/Core/imkl/2020.1.217/mkl/include;/cvmfs/restricted.computecanada.ca/easybuild/software/2020/Core/intel/2020.1.217/compilers_and_libraries_2020.1.217/linux/tbb/include;/cvmfs/soft.computecanada.ca/easybuild/software/2020/Core/gcccore/9.3.0/lib/gcc/x86_64-pc-linux-gnu/9.3.0/include;/cvmfs/soft.computecanada.ca/gentoo/2020/usr/include]


Parsed C implicit link information from above output:
  link line regex: [^( *|.*[/\])(ld|CMAKE_LINK_STARTFILE-NOTFOUND|([^/\]+-)?ld|collect2)[^/\]*( |$)]
  ignore line: [Change Dir: /home/soma1701/installations/hierarchies_to_scale/loop_fun_src/build/CMakeFiles/CMakeTmp]
  ignore line: []
  ignore line: [Run Build Command(s):/cvmfs/soft.computecanada.ca/gentoo/2020/usr/bin/gmake cmTC_ca703/fast && /cvmfs/soft.computecanada.ca/gentoo/2020/usr/bin/gmake -f CMakeFiles/cmTC_ca703.dir/build.make CMakeFiles/cmTC_ca703.dir/build]
  ignore line: [gmake[1]: Entering directory '/home/soma1701/installations/hierarchies_to_scale/loop_fun_src/build/CMakeFiles/CMakeTmp']
  ignore line: [Building C object CMakeFiles/cmTC_ca703.dir/CMakeCCompilerABI.c.o]
  ignore line: [/cvmfs/soft.computecanada.ca/easybuild/software/2020/Core/gcccore/9.3.0/bin/cc   -v -o CMakeFiles/cmTC_ca703.dir/CMakeCCompilerABI.c.o   -c /cvmfs/soft.computecanada.ca/gentoo/2020/usr/share/cmake/Modules/CMakeCCompilerABI.c]
  ignore line: [Using built-in specs.]
  ignore line: [COLLECT_GCC=/cvmfs/soft.computecanada.ca/easybuild/software/2020/Core/gcccore/9.3.0/bin/cc]
  ignore line: [OFFLOAD_TARGET_NAMES=nvptx-none]
  ignore line: [Target: x86_64-pc-linux-gnu]
  ignore line: [Configured with: ../configure --with-sysroot=/cvmfs/soft.computecanada.ca/gentoo/2020 --enable-languages=c,c++,fortran --without-cuda-driver --enable-offload-targets=nvptx-none --enable-lto --enable-checking=release --disable-multilib --enable-shared=yes --enable-static=yes --enable-threads=posix --enable-plugins --enable-gold=default --enable-ld --with-plugin-ld=ld.gold --prefix=/cvmfs/soft.computecanada.ca/easybuild/software/2020/Core/gcccore/9.3.0 --with-local-prefix=/cvmfs/soft.computecanada.ca/easybuild/software/2020/Core/gcccore/9.3.0 --enable-bootstrap --with-isl=/tmp/ebuser/avx2/GCCcore/9.3.0/system-system/gcc-9.3.0/stage2_stuff --build=x86_64-pc-linux-gnu --host=x86_64-pc-linux-gnu]
  ignore line: [Thread model: posix]
  ignore line: [gcc version 9.3.0 (GCC) ]
  ignore line: [COLLECT_GCC_OPTIONS='-v' '-o' 'CMakeFiles/cmTC_ca703.dir/CMakeCCompilerABI.c.o' '-c' '-mtune=generic' '-march=x86-64']
  ignore line: [ /cvmfs/soft.computecanada.ca/easybuild/software/2020/Core/gcccore/9.3.0/libexec/gcc/x86_64-pc-linux-gnu/9.3.0/cc1 -quiet -v /cvmfs/soft.computecanada.ca/gentoo/2020/usr/share/cmake/Modules/CMakeCCompilerABI.c -quiet -dumpbase CMakeCCompilerABI.c -mtune=generic -march=x86-64 -auxbase-strip CMakeFiles/cmTC_ca703.dir/CMakeCCompilerABI.c.o -version -o /tmp/ccCOgkIW.s]
  ignore line: [GNU C17 (GCC) version 9.3.0 (x86_64-pc-linux-gnu)]
  ignore line: [	compiled by GNU C version 9.3.0  GMP version 6.2.0  MPFR version 4.0.2  MPC version 1.1.0  isl version isl-0.22.1-GMP]
  ignore line: []
  ignore line: [GGC heuristics: --param ggc-min-expand=100 --param ggc-min-heapsize=131072]
  ignore line: [ignoring nonexistent directory "/cvmfs/soft.computecanada.ca/gentoo/2020/cvmfs/soft.computecanada.ca/easybuild/software/2020/Core/gcccore/9.3.0/include"]
  ignore line: [ignoring nonexistent directory "/cvmfs/soft.computecanada.ca/easybuild/software/2020/Core/gcccore/9.3.0/lib/gcc/x86_64-pc-linux-gnu/9.3.0/include-fixed"]
  ignore line: [ignoring nonexistent directory "/cvmfs/soft.computecanada.ca/easybuild/software/2020/Core/gcccore/9.3.0/lib/gcc/x86_64-pc-linux-gnu/9.3.0/../../../../x86_64-pc-linux-gnu/include"]
  ignore line: [#include "..." search starts here:]
  ignore line: [#include <...> search starts here:]
  ignore line: [ /cvmfs/soft.computecanada.ca/easybuild/software/2020/avx512/Compiler/intel2020/openmpi/4.0.3/include]
  ignore line: [ /cvmfs/soft.computecanada.ca/easybuild/software/2020/avx512/Core/libfabric/1.10.1/include]
  ignore line: [ /cvmfs/soft.computecanada.ca/easybuild/software/2020/avx512/Core/ucx/1.8.0/include]
  ignore line: [ /cvmfs/soft.computecanada.ca/easybuild/software/2020/Core/imkl/2020.1.217/mkl/include/fftw]
  ignore line: [ /cvmfs/soft.computecanada.ca/easybuild/software/2020/Core/imkl/2020.1.217/mkl/include]
  ignore line: [ /cvmfs/restricted.computecanada.ca/easybuild/software/2020/Core/intel/2020.1.217/compilers_and_libraries_2020.1.217/linux/tbb/include]
  ignore line: [ /cvmfs/soft.computecanada.ca/easybuild/software/2020/Core/gcccore/9.3.0/lib/gcc/x86_64-pc-linux-gnu/9.3.0/include]
  ignore line: [ /cvmfs/soft.computecanada.ca/gentoo/2020/usr/include]
  ignore line: [End of search list.]
  ignore line: [GNU C17 (GCC) version 9.3.0 (x86_64-pc-linux-gnu)]
  ignore line: [	compiled by GNU C version 9.3.0  GMP version 6.2.0  MPFR version 4.0.2  MPC version 1.1.0  isl version isl-0.22.1-GMP]
  ignore line: []
  ignore line: [GGC heuristics: --param ggc-min-expand=100 --param ggc-min-heapsize=131072]
  ignore line: [Compiler executable checksum: 3f9f1a6e2012c2f7e696a508033567d0]
  ignore line: [COLLECT_GCC_OPTIONS='-v' '-o' 'CMakeFiles/cmTC_ca703.dir/CMakeCCompilerABI.c.o' '-c' '-mtune=generic' '-march=x86-64']
  ignore line: [ as -v --64 -o CMakeFiles/cmTC_ca703.dir/CMakeCCompilerABI.c.o /tmp/ccCOgkIW.s]
  ignore line: [GNU assembler version 2.33.1 (x86_64-pc-linux-gnu) using BFD version (Gentoo 2.33.1 p2) 2.33.1]
  ignore line: [COMPILER_PATH=/cvmfs/soft.computecanada.ca/easybuild/software/2020/Core/gcccore/9.3.0/libexec/gcc/x86_64-pc-linux-gnu/9.3.0/:/cvmfs/soft.computecanada.ca/easybuild/software/2020/Core/gcccore/9.3.0/libexec/gcc/x86_64-pc-linux-gnu/9.3.0/:/cvmfs/soft.computecanada.ca/easybuild/software/2020/Core/gcccore/9.3.0/libexec/gcc/x86_64-pc-linux-gnu/:/cvmfs/soft.computecanada.ca/easybuild/software/2020/Core/gcccore/9.3.0/lib/gcc/x86_64-pc-linux-gnu/9.3.0/:/cvmfs/soft.computecanada.ca/easybuild/software/2020/Core/gcccore/9.3.0/lib/gcc/x86_64-pc-linux-gnu/]
  ignore line: [LIBRARY_PATH=/cvmfs/soft.computecanada.ca/easybuild/software/2020/avx512/Compiler/intel2020/openmpi/4.0.3/lib/../lib64/:/cvmfs/soft.computecanada.ca/easybuild/software/2020/Core/gcccore/9.3.0/lib/gcc/x86_64-pc-linux-gnu/9.3.0/:/cvmfs/soft.computecanada.ca/easybuild/software/2020/Core/gcccore/9.3.0/lib/gcc/x86_64-pc-linux-gnu/9.3.0/../../../../lib64/:/cvmfs/soft.computecanada.ca/gentoo/2020/lib/../lib64/:/cvmfs/soft.computecanada.ca/gentoo/2020/usr/lib/../lib64/:/cvmfs/soft.computecanada.ca/easybuild/software/2020/avx512/Compiler/intel2020/openmpi/4.0.3/lib/:/cvmfs/soft.computecanada.ca/easybuild/software/2020/avx512/Core/libfabric/1.10.1/lib/:/cvmfs/soft.computecanada.ca/easybuild/software/2020/avx512/Core/ucx/1.8.0/lib/:/cvmfs/soft.computecanada.ca/easybuild/software/2020/Core/imkl/2020.1.217/mkl/lib/intel64/:/cvmfs/soft.computecanada.ca/easybuild/software/2020/Core/imkl/2020.1.217/lib/intel64/:/cvmfs/restricted.computecanada.ca/easybuild/software/2020/Core/intel/2020.1.217/compilers_and_libraries_2020.1.217/linux/tbb/lib/intel64/gcc4.8/:/cvmfs/soft.computecanada.ca/easybuild/software/2020/Core/gcccore/9.3.0/lib/gcc/x86_64-pc-linux-gnu/9.3.0/../../../:/cvmfs/soft.computecanada.ca/gentoo/2020/lib/:/cvmfs/soft.computecanada.ca/gentoo/2020/usr/lib/]
  ignore line: [COLLECT_GCC_OPTIONS='-v' '-o' 'CMakeFiles/cmTC_ca703.dir/CMakeCCompilerABI.c.o' '-c' '-mtune=generic' '-march=x86-64']
  ignore line: [Linking C executable cmTC_ca703]
  ignore line: [/cvmfs/soft.computecanada.ca/gentoo/2020/usr/bin/cmake -E cmake_link_script CMakeFiles/cmTC_ca703.dir/link.txt --verbose=1]
  ignore line: [/cvmfs/soft.computecanada.ca/easybuild/software/2020/Core/gcccore/9.3.0/bin/cc     -v -rdynamic CMakeFiles/cmTC_ca703.dir/CMakeCCompilerABI.c.o  -o cmTC_ca703 ]
  ignore line: [Using built-in specs.]
  ignore line: [COLLECT_GCC=/cvmfs/soft.computecanada.ca/easybuild/software/2020/Core/gcccore/9.3.0/bin/cc]
  ignore line: [COLLECT_LTO_WRAPPER=/cvmfs/soft.computecanada.ca/easybuild/software/2020/Core/gcccore/9.3.0/libexec/gcc/x86_64-pc-linux-gnu/9.3.0/lto-wrapper]
  ignore line: [OFFLOAD_TARGET_NAMES=nvptx-none]
  ignore line: [Target: x86_64-pc-linux-gnu]
  ignore line: [Configured with: ../configure --with-sysroot=/cvmfs/soft.computecanada.ca/gentoo/2020 --enable-languages=c,c++,fortran --without-cuda-driver --enable-offload-targets=nvptx-none --enable-lto --enable-checking=release --disable-multilib --enable-shared=yes --enable-static=yes --enable-threads=posix --enable-plugins --enable-gold=default --enable-ld --with-plugin-ld=ld.gold --prefix=/cvmfs/soft.computecanada.ca/easybuild/software/2020/Core/gcccore/9.3.0 --with-local-prefix=/cvmfs/soft.computecanada.ca/easybuild/software/2020/Core/gcccore/9.3.0 --enable-bootstrap --with-isl=/tmp/ebuser/avx2/GCCcore/9.3.0/system-system/gcc-9.3.0/stage2_stuff --build=x86_64-pc-linux-gnu --host=x86_64-pc-linux-gnu]
  ignore line: [Thread model: posix]
  ignore line: [gcc version 9.3.0 (GCC) ]
  ignore line: [COMPILER_PATH=/cvmfs/soft.computecanada.ca/easybuild/software/2020/Core/gcccore/9.3.0/libexec/gcc/x86_64-pc-linux-gnu/9.3.0/:/cvmfs/soft.computecanada.ca/easybuild/software/2020/Core/gcccore/9.3.0/libexec/gcc/x86_64-pc-linux-gnu/9.3.0/:/cvmfs/soft.computecanada.ca/easybuild/software/2020/Core/gcccore/9.3.0/libexec/gcc/x86_64-pc-linux-gnu/:/cvmfs/soft.computecanada.ca/easybuild/software/2020/Core/gcccore/9.3.0/lib/gcc/x86_64-pc-linux-gnu/9.3.0/:/cvmfs/soft.computecanada.ca/easybuild/software/2020/Core/gcccore/9.3.0/lib/gcc/x86_64-pc-linux-gnu/]
  ignore line: [LIBRARY_PATH=/cvmfs/soft.computecanada.ca/easybuild/software/2020/avx512/Compiler/intel2020/openmpi/4.0.3/lib/../lib64/:/cvmfs/soft.computecanada.ca/easybuild/software/2020/Core/gcccore/9.3.0/lib/gcc/x86_64-pc-linux-gnu/9.3.0/:/cvmfs/soft.computecanada.ca/easybuild/software/2020/Core/gcccore/9.3.0/lib/gcc/x86_64-pc-linux-gnu/9.3.0/../../../../lib64/:/cvmfs/soft.computecanada.ca/gentoo/2020/lib/../lib64/:/cvmfs/soft.computecanada.ca/gentoo/2020/usr/lib/../lib64/:/cvmfs/soft.computecanada.ca/easybuild/software/2020/avx512/Compiler/intel2020/openmpi/4.0.3/lib/:/cvmfs/soft.computecanada.ca/easybuild/software/2020/avx512/Core/libfabric/1.10.1/lib/:/cvmfs/soft.computecanada.ca/easybuild/software/2020/avx512/Core/ucx/1.8.0/lib/:/cvmfs/soft.computecanada.ca/easybuild/software/2020/Core/imkl/2020.1.217/mkl/lib/intel64/:/cvmfs/soft.computecanada.ca/easybuild/software/2020/Core/imkl/2020.1.217/lib/intel64/:/cvmfs/restricted.computecanada.ca/easybuild/software/2020/Core/intel/2020.1.217/compilers_and_libraries_2020.1.217/linux/tbb/lib/intel64/gcc4.8/:/cvmfs/soft.computecanada.ca/easybuild/software/2020/Core/gcccore/9.3.0/lib/gcc/x86_64-pc-linux-gnu/9.3.0/../../../:/cvmfs/soft.computecanada.ca/gentoo/2020/lib/:/cvmfs/soft.computecanada.ca/gentoo/2020/usr/lib/]
  ignore line: [COLLECT_GCC_OPTIONS='-v' '-rdynamic' '-o' 'cmTC_ca703' '-mtune=generic' '-march=x86-64']
  link line: [ /cvmfs/soft.computecanada.ca/easybuild/software/2020/Core/gcccore/9.3.0/libexec/gcc/x86_64-pc-linux-gnu/9.3.0/collect2 -plugin /cvmfs/soft.computecanada.ca/easybuild/software/2020/Core/gcccore/9.3.0/libexec/gcc/x86_64-pc-linux-gnu/9.3.0/liblto_plugin.so -plugin-opt=/cvmfs/soft.computecanada.ca/easybuild/software/2020/Core/gcccore/9.3.0/libexec/gcc/x86_64-pc-linux-gnu/9.3.0/lto-wrapper -plugin-opt=-fresolution=/tmp/cc9mX7hi.res -plugin-opt=-pass-through=-lgcc -plugin-opt=-pass-through=-lgcc_s -plugin-opt=-pass-through=-lc -plugin-opt=-pass-through=-lgcc -plugin-opt=-pass-through=-lgcc_s --eh-frame-hdr -m elf_x86_64 -export-dynamic -dynamic-linker /cvmfs/soft.computecanada.ca/gentoo/2020/lib64/ld-linux-x86-64.so.2 -o cmTC_ca703 /cvmfs/soft.computecanada.ca/gentoo/2020/usr/lib/../lib64/crt1.o /cvmfs/soft.computecanada.ca/gentoo/2020/usr/lib/../lib64/crti.o /cvmfs/soft.computecanada.ca/easybuild/software/2020/Core/gcccore/9.3.0/lib/gcc/x86_64-pc-linux-gnu/9.3.0/crtbegin.o -L/cvmfs/soft.computecanada.ca/easybuild/software/2020/avx512/Compiler/intel2020/openmpi/4.0.3/lib/../lib64 -L/cvmfs/soft.computecanada.ca/easybuild/software/2020/Core/gcccore/9.3.0/lib/gcc/x86_64-pc-linux-gnu/9.3.0 -L/cvmfs/soft.computecanada.ca/easybuild/software/2020/Core/gcccore/9.3.0/lib/gcc/x86_64-pc-linux-gnu/9.3.0/../../../../lib64 -L/cvmfs/soft.computecanada.ca/gentoo/2020/lib/../lib64 -L/cvmfs/soft.computecanada.ca/gentoo/2020/usr/lib/../lib64 -L/cvmfs/soft.computecanada.ca/easybuild/software/2020/avx512/Compiler/intel2020/openmpi/4.0.3/lib -L/cvmfs/soft.computecanada.ca/easybuild/software/2020/avx512/Core/libfabric/1.10.1/lib -L/cvmfs/soft.computecanada.ca/easybuild/software/2020/avx512/Core/ucx/1.8.0/lib -L/cvmfs/soft.computecanada.ca/easybuild/software/2020/Core/imkl/2020.1.217/mkl/lib/intel64 -L/cvmfs/soft.computecanada.ca/easybuild/software/2020/Core/imkl/2020.1.217/lib/intel64 -L/cvmfs/restricted.computecanada.ca/easybuild/software/2020/Core/intel/2020.1.217/compilers_and_libraries_2020.1.217/linux/tbb/lib/intel64/gcc4.8 -L/cvmfs/soft.computecanada.ca/easybuild/software/2020/Core/gcccore/9.3.0/lib/gcc/x86_64-pc-linux-gnu/9.3.0/../../.. -L/cvmfs/soft.computecanada.ca/gentoo/2020/lib -L/cvmfs/soft.computecanada.ca/gentoo/2020/usr/lib CMakeFiles/cmTC_ca703.dir/CMakeCCompilerABI.c.o -lgcc --push-state --as-needed -lgcc_s --pop-state -lc -lgcc --push-state --as-needed -lgcc_s --pop-state /cvmfs/soft.computecanada.ca/easybuild/software/2020/Core/gcccore/9.3.0/lib/gcc/x86_64-pc-linux-gnu/9.3.0/crtend.o /cvmfs/soft.computecanada.ca/gentoo/2020/usr/lib/../lib64/crtn.o]
    arg [/cvmfs/soft.computecanada.ca/easybuild/software/2020/Core/gcccore/9.3.0/libexec/gcc/x86_64-pc-linux-gnu/9.3.0/collect2] ==> ignore
    arg [-plugin] ==> ignore
    arg [/cvmfs/soft.computecanada.ca/easybuild/software/2020/Core/gcccore/9.3.0/libexec/gcc/x86_64-pc-linux-gnu/9.3.0/liblto_plugin.so] ==> ignore
    arg [-plugin-opt=/cvmfs/soft.computecanada.ca/easybuild/software/2020/Core/gcccore/9.3.0/libexec/gcc/x86_64-pc-linux-gnu/9.3.0/lto-wrapper] ==> ignore
    arg [-plugin-opt=-fresolution=/tmp/cc9mX7hi.res] ==> ignore
    arg [-plugin-opt=-pass-through=-lgcc] ==> ignore
    arg [-plugin-opt=-pass-through=-lgcc_s] ==> ignore
    arg [-plugin-opt=-pass-through=-lc] ==> ignore
    arg [-plugin-opt=-pass-through=-lgcc] ==> ignore
    arg [-plugin-opt=-pass-through=-lgcc_s] ==> ignore
    arg [--eh-frame-hdr] ==> ignore
    arg [-m] ==> ignore
    arg [elf_x86_64] ==> ignore
    arg [-export-dynamic] ==> ignore
    arg [-dynamic-linker] ==> ignore
    arg [/cvmfs/soft.computecanada.ca/gentoo/2020/lib64/ld-linux-x86-64.so.2] ==> ignore
    arg [-o] ==> ignore
    arg [cmTC_ca703] ==> ignore
    arg [/cvmfs/soft.computecanada.ca/gentoo/2020/usr/lib/../lib64/crt1.o] ==> ignore
    arg [/cvmfs/soft.computecanada.ca/gentoo/2020/usr/lib/../lib64/crti.o] ==> ignore
    arg [/cvmfs/soft.computecanada.ca/easybuild/software/2020/Core/gcccore/9.3.0/lib/gcc/x86_64-pc-linux-gnu/9.3.0/crtbegin.o] ==> ignore
    arg [-L/cvmfs/soft.computecanada.ca/easybuild/software/2020/avx512/Compiler/intel2020/openmpi/4.0.3/lib/../lib64] ==> dir [/cvmfs/soft.computecanada.ca/easybuild/software/2020/avx512/Compiler/intel2020/openmpi/4.0.3/lib/../lib64]
    arg [-L/cvmfs/soft.computecanada.ca/easybuild/software/2020/Core/gcccore/9.3.0/lib/gcc/x86_64-pc-linux-gnu/9.3.0] ==> dir [/cvmfs/soft.computecanada.ca/easybuild/software/2020/Core/gcccore/9.3.0/lib/gcc/x86_64-pc-linux-gnu/9.3.0]
    arg [-L/cvmfs/soft.computecanada.ca/easybuild/software/2020/Core/gcccore/9.3.0/lib/gcc/x86_64-pc-linux-gnu/9.3.0/../../../../lib64] ==> dir [/cvmfs/soft.computecanada.ca/easybuild/software/2020/Core/gcccore/9.3.0/lib/gcc/x86_64-pc-linux-gnu/9.3.0/../../../../lib64]
    arg [-L/cvmfs/soft.computecanada.ca/gentoo/2020/lib/../lib64] ==> dir [/cvmfs/soft.computecanada.ca/gentoo/2020/lib/../lib64]
    arg [-L/cvmfs/soft.computecanada.ca/gentoo/2020/usr/lib/../lib64] ==> dir [/cvmfs/soft.computecanada.ca/gentoo/2020/usr/lib/../lib64]
    arg [-L/cvmfs/soft.computecanada.ca/easybuild/software/2020/avx512/Compiler/intel2020/openmpi/4.0.3/lib] ==> dir [/cvmfs/soft.computecanada.ca/easybuild/software/2020/avx512/Compiler/intel2020/openmpi/4.0.3/lib]
    arg [-L/cvmfs/soft.computecanada.ca/easybuild/software/2020/avx512/Core/libfabric/1.10.1/lib] ==> dir [/cvmfs/soft.computecanada.ca/easybuild/software/2020/avx512/Core/libfabric/1.10.1/lib]
    arg [-L/cvmfs/soft.computecanada.ca/easybuild/software/2020/avx512/Core/ucx/1.8.0/lib] ==> dir [/cvmfs/soft.computecanada.ca/easybuild/software/2020/avx512/Core/ucx/1.8.0/lib]
    arg [-L/cvmfs/soft.computecanada.ca/easybuild/software/2020/Core/imkl/2020.1.217/mkl/lib/intel64] ==> dir [/cvmfs/soft.computecanada.ca/easybuild/software/2020/Core/imkl/2020.1.217/mkl/lib/intel64]
    arg [-L/cvmfs/soft.computecanada.ca/easybuild/software/2020/Core/imkl/2020.1.217/lib/intel64] ==> dir [/cvmfs/soft.computecanada.ca/easybuild/software/2020/Core/imkl/2020.1.217/lib/intel64]
    arg [-L/cvmfs/restricted.computecanada.ca/easybuild/software/2020/Core/intel/2020.1.217/compilers_and_libraries_2020.1.217/linux/tbb/lib/intel64/gcc4.8] ==> dir [/cvmfs/restricted.computecanada.ca/easybuild/software/2020/Core/intel/2020.1.217/compilers_and_libraries_2020.1.217/linux/tbb/lib/intel64/gcc4.8]
    arg [-L/cvmfs/soft.computecanada.ca/easybuild/software/2020/Core/gcccore/9.3.0/lib/gcc/x86_64-pc-linux-gnu/9.3.0/../../..] ==> dir [/cvmfs/soft.computecanada.ca/easybuild/software/2020/Core/gcccore/9.3.0/lib/gcc/x86_64-pc-linux-gnu/9.3.0/../../..]
    arg [-L/cvmfs/soft.computecanada.ca/gentoo/2020/lib] ==> dir [/cvmfs/soft.computecanada.ca/gentoo/2020/lib]
    arg [-L/cvmfs/soft.computecanada.ca/gentoo/2020/usr/lib] ==> dir [/cvmfs/soft.computecanada.ca/gentoo/2020/usr/lib]
    arg [CMakeFiles/cmTC_ca703.dir/CMakeCCompilerABI.c.o] ==> ignore
    arg [-lgcc] ==> lib [gcc]
    arg [--push-state] ==> ignore
    arg [--as-needed] ==> ignore
    arg [-lgcc_s] ==> lib [gcc_s]
    arg [--pop-state] ==> ignore
    arg [-lc] ==> lib [c]
    arg [-lgcc] ==> lib [gcc]
    arg [--push-state] ==> ignore
    arg [--as-needed] ==> ignore
    arg [-lgcc_s] ==> lib [gcc_s]
    arg [--pop-state] ==> ignore
    arg [/cvmfs/soft.computecanada.ca/easybuild/software/2020/Core/gcccore/9.3.0/lib/gcc/x86_64-pc-linux-gnu/9.3.0/crtend.o] ==> ignore
    arg [/cvmfs/soft.computecanada.ca/gentoo/2020/usr/lib/../lib64/crtn.o] ==> ignore
  collapse library dir [/cvmfs/soft.computecanada.ca/easybuild/software/2020/avx512/Compiler/intel2020/openmpi/4.0.3/lib/../lib64] ==> [/cvmfs/soft.computecanada.ca/easybuild/software/2020/avx512/Compiler/intel2020/openmpi/4.0.3/lib64]
  collapse library dir [/cvmfs/soft.computecanada.ca/easybuild/software/2020/Core/gcccore/9.3.0/lib/gcc/x86_64-pc-linux-gnu/9.3.0] ==> [/cvmfs/soft.computecanada.ca/easybuild/software/2020/Core/gcccore/9.3.0/lib/gcc/x86_64-pc-linux-gnu/9.3.0]
  collapse library dir [/cvmfs/soft.computecanada.ca/easybuild/software/2020/Core/gcccore/9.3.0/lib/gcc/x86_64-pc-linux-gnu/9.3.0/../../../../lib64] ==> [/cvmfs/soft.computecanada.ca/easybuild/software/2020/Core/gcccore/9.3.0/lib64]
  collapse library dir [/cvmfs/soft.computecanada.ca/gentoo/2020/lib/../lib64] ==> [/cvmfs/soft.computecanada.ca/gentoo/2020/lib64]
  collapse library dir [/cvmfs/soft.computecanada.ca/gentoo/2020/usr/lib/../lib64] ==> [/cvmfs/soft.computecanada.ca/gentoo/2020/usr/lib64]
  collapse library dir [/cvmfs/soft.computecanada.ca/easybuild/software/2020/avx512/Compiler/intel2020/openmpi/4.0.3/lib] ==> [/cvmfs/soft.computecanada.ca/easybuild/software/2020/avx512/Compiler/intel2020/openmpi/4.0.3/lib]
  collapse library dir [/cvmfs/soft.computecanada.ca/easybuild/software/2020/avx512/Core/libfabric/1.10.1/lib] ==> [/cvmfs/soft.computecanada.ca/easybuild/software/2020/avx512/Core/libfabric/1.10.1/lib]
  collapse library dir [/cvmfs/soft.computecanada.ca/easybuild/software/2020/avx512/Core/ucx/1.8.0/lib] ==> [/cvmfs/soft.computecanada.ca/easybuild/software/2020/avx512/Core/ucx/1.8.0/lib]
  collapse library dir [/cvmfs/soft.computecanada.ca/easybuild/software/2020/Core/imkl/2020.1.217/mkl/lib/intel64] ==> [/cvmfs/soft.computecanada.ca/easybuild/software/2020/Core/imkl/2020.1.217/mkl/lib/intel64]
  collapse library dir [/cvmfs/soft.computecanada.ca/easybuild/software/2020/Core/imkl/2020.1.217/lib/intel64] ==> [/cvmfs/soft.computecanada.ca/easybuild/software/2020/Core/imkl/2020.1.217/lib/intel64]
  collapse library dir [/cvmfs/restricted.computecanada.ca/easybuild/software/2020/Core/intel/2020.1.217/compilers_and_libraries_2020.1.217/linux/tbb/lib/intel64/gcc4.8] ==> [/cvmfs/restricted.computecanada.ca/easybuild/software/2020/Core/intel/2020.1.217/compilers_and_libraries_2020.1.217/linux/tbb/lib/intel64/gcc4.8]
  collapse library dir [/cvmfs/soft.computecanada.ca/easybuild/software/2020/Core/gcccore/9.3.0/lib/gcc/x86_64-pc-linux-gnu/9.3.0/../../..] ==> [/cvmfs/soft.computecanada.ca/easybuild/software/2020/Core/gcccore/9.3.0/lib]
  collapse library dir [/cvmfs/soft.computecanada.ca/gentoo/2020/lib] ==> [/cvmfs/soft.computecanada.ca/gentoo/2020/lib]
  collapse library dir [/cvmfs/soft.computecanada.ca/gentoo/2020/usr/lib] ==> [/cvmfs/soft.computecanada.ca/gentoo/2020/usr/lib]
  implicit libs: [gcc;gcc_s;c;gcc;gcc_s]
  implicit dirs: [/cvmfs/soft.computecanada.ca/easybuild/software/2020/avx512/Compiler/intel2020/openmpi/4.0.3/lib64;/cvmfs/soft.computecanada.ca/easybuild/software/2020/Core/gcccore/9.3.0/lib/gcc/x86_64-pc-linux-gnu/9.3.0;/cvmfs/soft.computecanada.ca/easybuild/software/2020/Core/gcccore/9.3.0/lib64;/cvmfs/soft.computecanada.ca/gentoo/2020/lib64;/cvmfs/soft.computecanada.ca/gentoo/2020/usr/lib64;/cvmfs/soft.computecanada.ca/easybuild/software/2020/avx512/Compiler/intel2020/openmpi/4.0.3/lib;/cvmfs/soft.computecanada.ca/easybuild/software/2020/avx512/Core/libfabric/1.10.1/lib;/cvmfs/soft.computecanada.ca/easybuild/software/2020/avx512/Core/ucx/1.8.0/lib;/cvmfs/soft.computecanada.ca/easybuild/software/2020/Core/imkl/2020.1.217/mkl/lib/intel64;/cvmfs/soft.computecanada.ca/easybuild/software/2020/Core/imkl/2020.1.217/lib/intel64;/cvmfs/restricted.computecanada.ca/easybuild/software/2020/Core/intel/2020.1.217/compilers_and_libraries_2020.1.217/linux/tbb/lib/intel64/gcc4.8;/cvmfs/soft.computecanada.ca/easybuild/software/2020/Core/gcccore/9.3.0/lib;/cvmfs/soft.computecanada.ca/gentoo/2020/lib;/cvmfs/soft.computecanada.ca/gentoo/2020/usr/lib]
  implicit fwks: []


Determining if the CXX compiler works passed with the following output:
Change Dir: /home/soma1701/installations/hierarchies_to_scale/loop_fun_src/build/CMakeFiles/CMakeTmp

Run Build Command(s):/cvmfs/soft.computecanada.ca/gentoo/2020/usr/bin/gmake cmTC_63337/fast && /cvmfs/soft.computecanada.ca/gentoo/2020/usr/bin/gmake -f CMakeFiles/cmTC_63337.dir/build.make CMakeFiles/cmTC_63337.dir/build
gmake[1]: Entering directory '/home/soma1701/installations/hierarchies_to_scale/loop_fun_src/build/CMakeFiles/CMakeTmp'
Building CXX object CMakeFiles/cmTC_63337.dir/testCXXCompiler.cxx.o
/cvmfs/soft.computecanada.ca/easybuild/software/2020/Core/gcccore/9.3.0/bin/c++     -o CMakeFiles/cmTC_63337.dir/testCXXCompiler.cxx.o -c /home/soma1701/installations/hierarchies_to_scale/loop_fun_src/build/CMakeFiles/CMakeTmp/testCXXCompiler.cxx
Linking CXX executable cmTC_63337
/cvmfs/soft.computecanada.ca/gentoo/2020/usr/bin/cmake -E cmake_link_script CMakeFiles/cmTC_63337.dir/link.txt --verbose=1
/cvmfs/soft.computecanada.ca/easybuild/software/2020/Core/gcccore/9.3.0/bin/c++       -rdynamic CMakeFiles/cmTC_63337.dir/testCXXCompiler.cxx.o  -o cmTC_63337 
gmake[1]: Leaving directory '/home/soma1701/installations/hierarchies_to_scale/loop_fun_src/build/CMakeFiles/CMakeTmp'



Detecting CXX compiler ABI info compiled with the following output:
Change Dir: /home/soma1701/installations/hierarchies_to_scale/loop_fun_src/build/CMakeFiles/CMakeTmp

Run Build Command(s):/cvmfs/soft.computecanada.ca/gentoo/2020/usr/bin/gmake cmTC_b3606/fast && /cvmfs/soft.computecanada.ca/gentoo/2020/usr/bin/gmake -f CMakeFiles/cmTC_b3606.dir/build.make CMakeFiles/cmTC_b3606.dir/build
gmake[1]: Entering directory '/home/soma1701/installations/hierarchies_to_scale/loop_fun_src/build/CMakeFiles/CMakeTmp'
Building CXX object CMakeFiles/cmTC_b3606.dir/CMakeCXXCompilerABI.cpp.o
/cvmfs/soft.computecanada.ca/easybuild/software/2020/Core/gcccore/9.3.0/bin/c++    -v -o CMakeFiles/cmTC_b3606.dir/CMakeCXXCompilerABI.cpp.o -c /cvmfs/soft.computecanada.ca/gentoo/2020/usr/share/cmake/Modules/CMakeCXXCompilerABI.cpp
Using built-in specs.
COLLECT_GCC=/cvmfs/soft.computecanada.ca/easybuild/software/2020/Core/gcccore/9.3.0/bin/c++
OFFLOAD_TARGET_NAMES=nvptx-none
Target: x86_64-pc-linux-gnu
Configured with: ../configure --with-sysroot=/cvmfs/soft.computecanada.ca/gentoo/2020 --enable-languages=c,c++,fortran --without-cuda-driver --enable-offload-targets=nvptx-none --enable-lto --enable-checking=release --disable-multilib --enable-shared=yes --enable-static=yes --enable-threads=posix --enable-plugins --enable-gold=default --enable-ld --with-plugin-ld=ld.gold --prefix=/cvmfs/soft.computecanada.ca/easybuild/software/2020/Core/gcccore/9.3.0 --with-local-prefix=/cvmfs/soft.computecanada.ca/easybuild/software/2020/Core/gcccore/9.3.0 --enable-bootstrap --with-isl=/tmp/ebuser/avx2/GCCcore/9.3.0/system-system/gcc-9.3.0/stage2_stuff --build=x86_64-pc-linux-gnu --host=x86_64-pc-linux-gnu
Thread model: posix
gcc version 9.3.0 (GCC) 
COLLECT_GCC_OPTIONS='-v' '-o' 'CMakeFiles/cmTC_b3606.dir/CMakeCXXCompilerABI.cpp.o' '-c' '-shared-libgcc' '-mtune=generic' '-march=x86-64'
 /cvmfs/soft.computecanada.ca/easybuild/software/2020/Core/gcccore/9.3.0/libexec/gcc/x86_64-pc-linux-gnu/9.3.0/cc1plus -quiet -v -D_GNU_SOURCE /cvmfs/soft.computecanada.ca/gentoo/2020/usr/share/cmake/Modules/CMakeCXXCompilerABI.cpp -quiet -dumpbase CMakeCXXCompilerABI.cpp -mtune=generic -march=x86-64 -auxbase-strip CMakeFiles/cmTC_b3606.dir/CMakeCXXCompilerABI.cpp.o -version -o /tmp/ccKUjuxz.s
GNU C++14 (GCC) version 9.3.0 (x86_64-pc-linux-gnu)
	compiled by GNU C version 9.3.0, GMP version 6.2.0, MPFR version 4.0.2, MPC version 1.1.0, isl version isl-0.22.1-GMP

GGC heuristics: --param ggc-min-expand=100 --param ggc-min-heapsize=131072
ignoring nonexistent directory "/cvmfs/soft.computecanada.ca/gentoo/2020/cvmfs/soft.computecanada.ca/easybuild/software/2020/Core/gcccore/9.3.0/include"
ignoring nonexistent directory "/cvmfs/soft.computecanada.ca/easybuild/software/2020/Core/gcccore/9.3.0/lib/gcc/x86_64-pc-linux-gnu/9.3.0/include-fixed"
ignoring nonexistent directory "/cvmfs/soft.computecanada.ca/easybuild/software/2020/Core/gcccore/9.3.0/lib/gcc/x86_64-pc-linux-gnu/9.3.0/../../../../x86_64-pc-linux-gnu/include"
#include "..." search starts here:
#include <...> search starts here:
 /cvmfs/soft.computecanada.ca/easybuild/software/2020/avx512/Compiler/intel2020/openmpi/4.0.3/include
 /cvmfs/soft.computecanada.ca/easybuild/software/2020/avx512/Core/libfabric/1.10.1/include
 /cvmfs/soft.computecanada.ca/easybuild/software/2020/avx512/Core/ucx/1.8.0/include
 /cvmfs/soft.computecanada.ca/easybuild/software/2020/Core/imkl/2020.1.217/mkl/include/fftw
 /cvmfs/soft.computecanada.ca/easybuild/software/2020/Core/imkl/2020.1.217/mkl/include
 /cvmfs/restricted.computecanada.ca/easybuild/software/2020/Core/intel/2020.1.217/compilers_and_libraries_2020.1.217/linux/tbb/include
 /cvmfs/soft.computecanada.ca/easybuild/software/2020/Core/gcccore/9.3.0/lib/gcc/x86_64-pc-linux-gnu/9.3.0/../../../../include/c++/9.3.0
 /cvmfs/soft.computecanada.ca/easybuild/software/2020/Core/gcccore/9.3.0/lib/gcc/x86_64-pc-linux-gnu/9.3.0/../../../../include/c++/9.3.0/x86_64-pc-linux-gnu
 /cvmfs/soft.computecanada.ca/easybuild/software/2020/Core/gcccore/9.3.0/lib/gcc/x86_64-pc-linux-gnu/9.3.0/../../../../include/c++/9.3.0/backward
 /cvmfs/soft.computecanada.ca/easybuild/software/2020/Core/gcccore/9.3.0/lib/gcc/x86_64-pc-linux-gnu/9.3.0/include
 /cvmfs/soft.computecanada.ca/gentoo/2020/usr/include
End of search list.
GNU C++14 (GCC) version 9.3.0 (x86_64-pc-linux-gnu)
	compiled by GNU C version 9.3.0, GMP version 6.2.0, MPFR version 4.0.2, MPC version 1.1.0, isl version isl-0.22.1-GMP

GGC heuristics: --param ggc-min-expand=100 --param ggc-min-heapsize=131072
Compiler executable checksum: 6bc1e845c0303f2db7e43e01b824cb9c
COLLECT_GCC_OPTIONS='-v' '-o' 'CMakeFiles/cmTC_b3606.dir/CMakeCXXCompilerABI.cpp.o' '-c' '-shared-libgcc' '-mtune=generic' '-march=x86-64'
 as -v --64 -o CMakeFiles/cmTC_b3606.dir/CMakeCXXCompilerABI.cpp.o /tmp/ccKUjuxz.s
GNU assembler version 2.33.1 (x86_64-pc-linux-gnu) using BFD version (Gentoo 2.33.1 p2) 2.33.1
COMPILER_PATH=/cvmfs/soft.computecanada.ca/easybuild/software/2020/Core/gcccore/9.3.0/libexec/gcc/x86_64-pc-linux-gnu/9.3.0/:/cvmfs/soft.computecanada.ca/easybuild/software/2020/Core/gcccore/9.3.0/libexec/gcc/x86_64-pc-linux-gnu/9.3.0/:/cvmfs/soft.computecanada.ca/easybuild/software/2020/Core/gcccore/9.3.0/libexec/gcc/x86_64-pc-linux-gnu/:/cvmfs/soft.computecanada.ca/easybuild/software/2020/Core/gcccore/9.3.0/lib/gcc/x86_64-pc-linux-gnu/9.3.0/:/cvmfs/soft.computecanada.ca/easybuild/software/2020/Core/gcccore/9.3.0/lib/gcc/x86_64-pc-linux-gnu/
LIBRARY_PATH=/cvmfs/soft.computecanada.ca/easybuild/software/2020/avx512/Compiler/intel2020/openmpi/4.0.3/lib/../lib64/:/cvmfs/soft.computecanada.ca/easybuild/software/2020/Core/gcccore/9.3.0/lib/gcc/x86_64-pc-linux-gnu/9.3.0/:/cvmfs/soft.computecanada.ca/easybuild/software/2020/Core/gcccore/9.3.0/lib/gcc/x86_64-pc-linux-gnu/9.3.0/../../../../lib64/:/cvmfs/soft.computecanada.ca/gentoo/2020/lib/../lib64/:/cvmfs/soft.computecanada.ca/gentoo/2020/usr/lib/../lib64/:/cvmfs/soft.computecanada.ca/easybuild/software/2020/avx512/Compiler/intel2020/openmpi/4.0.3/lib/:/cvmfs/soft.computecanada.ca/easybuild/software/2020/avx512/Core/libfabric/1.10.1/lib/:/cvmfs/soft.computecanada.ca/easybuild/software/2020/avx512/Core/ucx/1.8.0/lib/:/cvmfs/soft.computecanada.ca/easybuild/software/2020/Core/imkl/2020.1.217/mkl/lib/intel64/:/cvmfs/soft.computecanada.ca/easybuild/software/2020/Core/imkl/2020.1.217/lib/intel64/:/cvmfs/restricted.computecanada.ca/easybuild/software/2020/Core/intel/2020.1.217/compilers_and_libraries_2020.1.217/linux/tbb/lib/intel64/gcc4.8/:/cvmfs/soft.computecanada.ca/easybuild/software/2020/Core/gcccore/9.3.0/lib/gcc/x86_64-pc-linux-gnu/9.3.0/../../../:/cvmfs/soft.computecanada.ca/gentoo/2020/lib/:/cvmfs/soft.computecanada.ca/gentoo/2020/usr/lib/
COLLECT_GCC_OPTIONS='-v' '-o' 'CMakeFiles/cmTC_b3606.dir/CMakeCXXCompilerABI.cpp.o' '-c' '-shared-libgcc' '-mtune=generic' '-march=x86-64'
Linking CXX executable cmTC_b3606
/cvmfs/soft.computecanada.ca/gentoo/2020/usr/bin/cmake -E cmake_link_script CMakeFiles/cmTC_b3606.dir/link.txt --verbose=1
/cvmfs/soft.computecanada.ca/easybuild/software/2020/Core/gcccore/9.3.0/bin/c++      -v -rdynamic CMakeFiles/cmTC_b3606.dir/CMakeCXXCompilerABI.cpp.o  -o cmTC_b3606 
Using built-in specs.
COLLECT_GCC=/cvmfs/soft.computecanada.ca/easybuild/software/2020/Core/gcccore/9.3.0/bin/c++
COLLECT_LTO_WRAPPER=/cvmfs/soft.computecanada.ca/easybuild/software/2020/Core/gcccore/9.3.0/libexec/gcc/x86_64-pc-linux-gnu/9.3.0/lto-wrapper
OFFLOAD_TARGET_NAMES=nvptx-none
Target: x86_64-pc-linux-gnu
Configured with: ../configure --with-sysroot=/cvmfs/soft.computecanada.ca/gentoo/2020 --enable-languages=c,c++,fortran --without-cuda-driver --enable-offload-targets=nvptx-none --enable-lto --enable-checking=release --disable-multilib --enable-shared=yes --enable-static=yes --enable-threads=posix --enable-plugins --enable-gold=default --enable-ld --with-plugin-ld=ld.gold --prefix=/cvmfs/soft.computecanada.ca/easybuild/software/2020/Core/gcccore/9.3.0 --with-local-prefix=/cvmfs/soft.computecanada.ca/easybuild/software/2020/Core/gcccore/9.3.0 --enable-bootstrap --with-isl=/tmp/ebuser/avx2/GCCcore/9.3.0/system-system/gcc-9.3.0/stage2_stuff --build=x86_64-pc-linux-gnu --host=x86_64-pc-linux-gnu
Thread model: posix
gcc version 9.3.0 (GCC) 
COMPILER_PATH=/cvmfs/soft.computecanada.ca/easybuild/software/2020/Core/gcccore/9.3.0/libexec/gcc/x86_64-pc-linux-gnu/9.3.0/:/cvmfs/soft.computecanada.ca/easybuild/software/2020/Core/gcccore/9.3.0/libexec/gcc/x86_64-pc-linux-gnu/9.3.0/:/cvmfs/soft.computecanada.ca/easybuild/software/2020/Core/gcccore/9.3.0/libexec/gcc/x86_64-pc-linux-gnu/:/cvmfs/soft.computecanada.ca/easybuild/software/2020/Core/gcccore/9.3.0/lib/gcc/x86_64-pc-linux-gnu/9.3.0/:/cvmfs/soft.computecanada.ca/easybuild/software/2020/Core/gcccore/9.3.0/lib/gcc/x86_64-pc-linux-gnu/
LIBRARY_PATH=/cvmfs/soft.computecanada.ca/easybuild/software/2020/avx512/Compiler/intel2020/openmpi/4.0.3/lib/../lib64/:/cvmfs/soft.computecanada.ca/easybuild/software/2020/Core/gcccore/9.3.0/lib/gcc/x86_64-pc-linux-gnu/9.3.0/:/cvmfs/soft.computecanada.ca/easybuild/software/2020/Core/gcccore/9.3.0/lib/gcc/x86_64-pc-linux-gnu/9.3.0/../../../../lib64/:/cvmfs/soft.computecanada.ca/gentoo/2020/lib/../lib64/:/cvmfs/soft.computecanada.ca/gentoo/2020/usr/lib/../lib64/:/cvmfs/soft.computecanada.ca/easybuild/software/2020/avx512/Compiler/intel2020/openmpi/4.0.3/lib/:/cvmfs/soft.computecanada.ca/easybuild/software/2020/avx512/Core/libfabric/1.10.1/lib/:/cvmfs/soft.computecanada.ca/easybuild/software/2020/avx512/Core/ucx/1.8.0/lib/:/cvmfs/soft.computecanada.ca/easybuild/software/2020/Core/imkl/2020.1.217/mkl/lib/intel64/:/cvmfs/soft.computecanada.ca/easybuild/software/2020/Core/imkl/2020.1.217/lib/intel64/:/cvmfs/restricted.computecanada.ca/easybuild/software/2020/Core/intel/2020.1.217/compilers_and_libraries_2020.1.217/linux/tbb/lib/intel64/gcc4.8/:/cvmfs/soft.computecanada.ca/easybuild/software/2020/Core/gcccore/9.3.0/lib/gcc/x86_64-pc-linux-gnu/9.3.0/../../../:/cvmfs/soft.computecanada.ca/gentoo/2020/lib/:/cvmfs/soft.computecanada.ca/gentoo/2020/usr/lib/
COLLECT_GCC_OPTIONS='-v' '-rdynamic' '-o' 'cmTC_b3606' '-shared-libgcc' '-mtune=generic' '-march=x86-64'
 /cvmfs/soft.computecanada.ca/easybuild/software/2020/Core/gcccore/9.3.0/libexec/gcc/x86_64-pc-linux-gnu/9.3.0/collect2 -plugin /cvmfs/soft.computecanada.ca/easybuild/software/2020/Core/gcccore/9.3.0/libexec/gcc/x86_64-pc-linux-gnu/9.3.0/liblto_plugin.so -plugin-opt=/cvmfs/soft.computecanada.ca/easybuild/software/2020/Core/gcccore/9.3.0/libexec/gcc/x86_64-pc-linux-gnu/9.3.0/lto-wrapper -plugin-opt=-fresolution=/tmp/ccNHYB1U.res -plugin-opt=-pass-through=-lgcc_s -plugin-opt=-pass-through=-lgcc -plugin-opt=-pass-through=-lc -plugin-opt=-pass-through=-lgcc_s -plugin-opt=-pass-through=-lgcc --eh-frame-hdr -m elf_x86_64 -export-dynamic -dynamic-linker /cvmfs/soft.computecanada.ca/gentoo/2020/lib64/ld-linux-x86-64.so.2 -o cmTC_b3606 /cvmfs/soft.computecanada.ca/gentoo/2020/usr/lib/../lib64/crt1.o /cvmfs/soft.computecanada.ca/gentoo/2020/usr/lib/../lib64/crti.o /cvmfs/soft.computecanada.ca/easybuild/software/2020/Core/gcccore/9.3.0/lib/gcc/x86_64-pc-linux-gnu/9.3.0/crtbegin.o -L/cvmfs/soft.computecanada.ca/easybuild/software/2020/avx512/Compiler/intel2020/openmpi/4.0.3/lib/../lib64 -L/cvmfs/soft.computecanada.ca/easybuild/software/2020/Core/gcccore/9.3.0/lib/gcc/x86_64-pc-linux-gnu/9.3.0 -L/cvmfs/soft.computecanada.ca/easybuild/software/2020/Core/gcccore/9.3.0/lib/gcc/x86_64-pc-linux-gnu/9.3.0/../../../../lib64 -L/cvmfs/soft.computecanada.ca/gentoo/2020/lib/../lib64 -L/cvmfs/soft.computecanada.ca/gentoo/2020/usr/lib/../lib64 -L/cvmfs/soft.computecanada.ca/easybuild/software/2020/avx512/Compiler/intel2020/openmpi/4.0.3/lib -L/cvmfs/soft.computecanada.ca/easybuild/software/2020/avx512/Core/libfabric/1.10.1/lib -L/cvmfs/soft.computecanada.ca/easybuild/software/2020/avx512/Core/ucx/1.8.0/lib -L/cvmfs/soft.computecanada.ca/easybuild/software/2020/Core/imkl/2020.1.217/mkl/lib/intel64 -L/cvmfs/soft.computecanada.ca/easybuild/software/2020/Core/imkl/2020.1.217/lib/intel64 -L/cvmfs/restricted.computecanada.ca/easybuild/software/2020/Core/intel/2020.1.217/compilers_and_libraries_2020.1.217/linux/tbb/lib/intel64/gcc4.8 -L/cvmfs/soft.computecanada.ca/easybuild/software/2020/Core/gcccore/9.3.0/lib/gcc/x86_64-pc-linux-gnu/9.3.0/../../.. -L/cvmfs/soft.computecanada.ca/gentoo/2020/lib -L/cvmfs/soft.computecanada.ca/gentoo/2020/usr/lib CMakeFiles/cmTC_b3606.dir/CMakeCXXCompilerABI.cpp.o -lstdc++ -lm -lgcc_s -lgcc -lc -lgcc_s -lgcc /cvmfs/soft.computecanada.ca/easybuild/software/2020/Core/gcccore/9.3.0/lib/gcc/x86_64-pc-linux-gnu/9.3.0/crtend.o /cvmfs/soft.computecanada.ca/gentoo/2020/usr/lib/../lib64/crtn.o
COLLECT_GCC_OPTIONS='-v' '-rdynamic' '-o' 'cmTC_b3606' '-shared-libgcc' '-mtune=generic' '-march=x86-64'
gmake[1]: Leaving directory '/home/soma1701/installations/hierarchies_to_scale/loop_fun_src/build/CMakeFiles/CMakeTmp'



Parsed CXX implicit include dir info from above output: rv=done
  found start of include info
  found start of implicit include info
    add: [/cvmfs/soft.computecanada.ca/easybuild/software/2020/avx512/Compiler/intel2020/openmpi/4.0.3/include]
    add: [/cvmfs/soft.computecanada.ca/easybuild/software/2020/avx512/Core/libfabric/1.10.1/include]
    add: [/cvmfs/soft.computecanada.ca/easybuild/software/2020/avx512/Core/ucx/1.8.0/include]
    add: [/cvmfs/soft.computecanada.ca/easybuild/software/2020/Core/imkl/2020.1.217/mkl/include/fftw]
    add: [/cvmfs/soft.computecanada.ca/easybuild/software/2020/Core/imkl/2020.1.217/mkl/include]
    add: [/cvmfs/restricted.computecanada.ca/easybuild/software/2020/Core/intel/2020.1.217/compilers_and_libraries_2020.1.217/linux/tbb/include]
    add: [/cvmfs/soft.computecanada.ca/easybuild/software/2020/Core/gcccore/9.3.0/lib/gcc/x86_64-pc-linux-gnu/9.3.0/../../../../include/c++/9.3.0]
    add: [/cvmfs/soft.computecanada.ca/easybuild/software/2020/Core/gcccore/9.3.0/lib/gcc/x86_64-pc-linux-gnu/9.3.0/../../../../include/c++/9.3.0/x86_64-pc-linux-gnu]
    add: [/cvmfs/soft.computecanada.ca/easybuild/software/2020/Core/gcccore/9.3.0/lib/gcc/x86_64-pc-linux-gnu/9.3.0/../../../../include/c++/9.3.0/backward]
    add: [/cvmfs/soft.computecanada.ca/easybuild/software/2020/Core/gcccore/9.3.0/lib/gcc/x86_64-pc-linux-gnu/9.3.0/include]
    add: [/cvmfs/soft.computecanada.ca/gentoo/2020/usr/include]
  end of search list found
  collapse include dir [/cvmfs/soft.computecanada.ca/easybuild/software/2020/avx512/Compiler/intel2020/openmpi/4.0.3/include] ==> [/cvmfs/soft.computecanada.ca/easybuild/software/2020/avx512/Compiler/intel2020/openmpi/4.0.3/include]
  collapse include dir [/cvmfs/soft.computecanada.ca/easybuild/software/2020/avx512/Core/libfabric/1.10.1/include] ==> [/cvmfs/soft.computecanada.ca/easybuild/software/2020/avx512/Core/libfabric/1.10.1/include]
  collapse include dir [/cvmfs/soft.computecanada.ca/easybuild/software/2020/avx512/Core/ucx/1.8.0/include] ==> [/cvmfs/soft.computecanada.ca/easybuild/software/2020/avx512/Core/ucx/1.8.0/include]
  collapse include dir [/cvmfs/soft.computecanada.ca/easybuild/software/2020/Core/imkl/2020.1.217/mkl/include/fftw] ==> [/cvmfs/soft.computecanada.ca/easybuild/software/2020/Core/imkl/2020.1.217/mkl/include/fftw]
  collapse include dir [/cvmfs/soft.computecanada.ca/easybuild/software/2020/Core/imkl/2020.1.217/mkl/include] ==> [/cvmfs/soft.computecanada.ca/easybuild/software/2020/Core/imkl/2020.1.217/mkl/include]
  collapse include dir [/cvmfs/restricted.computecanada.ca/easybuild/software/2020/Core/intel/2020.1.217/compilers_and_libraries_2020.1.217/linux/tbb/include] ==> [/cvmfs/restricted.computecanada.ca/easybuild/software/2020/Core/intel/2020.1.217/compilers_and_libraries_2020.1.217/linux/tbb/include]
  collapse include dir [/cvmfs/soft.computecanada.ca/easybuild/software/2020/Core/gcccore/9.3.0/lib/gcc/x86_64-pc-linux-gnu/9.3.0/../../../../include/c++/9.3.0] ==> [/cvmfs/soft.computecanada.ca/easybuild/software/2020/Core/gcccore/9.3.0/include/c++/9.3.0]
  collapse include dir [/cvmfs/soft.computecanada.ca/easybuild/software/2020/Core/gcccore/9.3.0/lib/gcc/x86_64-pc-linux-gnu/9.3.0/../../../../include/c++/9.3.0/x86_64-pc-linux-gnu] ==> [/cvmfs/soft.computecanada.ca/easybuild/software/2020/Core/gcccore/9.3.0/include/c++/9.3.0/x86_64-pc-linux-gnu]
  collapse include dir [/cvmfs/soft.computecanada.ca/easybuild/software/2020/Core/gcccore/9.3.0/lib/gcc/x86_64-pc-linux-gnu/9.3.0/../../../../include/c++/9.3.0/backward] ==> [/cvmfs/soft.computecanada.ca/easybuild/software/2020/Core/gcccore/9.3.0/include/c++/9.3.0/backward]
  collapse include dir [/cvmfs/soft.computecanada.ca/easybuild/software/2020/Core/gcccore/9.3.0/lib/gcc/x86_64-pc-linux-gnu/9.3.0/include] ==> [/cvmfs/soft.computecanada.ca/easybuild/software/2020/Core/gcccore/9.3.0/lib/gcc/x86_64-pc-linux-gnu/9.3.0/include]
  collapse include dir [/cvmfs/soft.computecanada.ca/gentoo/2020/usr/include] ==> [/cvmfs/soft.computecanada.ca/gentoo/2020/usr/include]
  implicit include dirs: [/cvmfs/soft.computecanada.ca/easybuild/software/2020/avx512/Compiler/intel2020/openmpi/4.0.3/include;/cvmfs/soft.computecanada.ca/easybuild/software/2020/avx512/Core/libfabric/1.10.1/include;/cvmfs/soft.computecanada.ca/easybuild/software/2020/avx512/Core/ucx/1.8.0/include;/cvmfs/soft.computecanada.ca/easybuild/software/2020/Core/imkl/2020.1.217/mkl/include/fftw;/cvmfs/soft.computecanada.ca/easybuild/software/2020/Core/imkl/2020.1.217/mkl/include;/cvmfs/restricted.computecanada.ca/easybuild/software/2020/Core/intel/2020.1.217/compilers_and_libraries_2020.1.217/linux/tbb/include;/cvmfs/soft.computecanada.ca/easybuild/software/2020/Core/gcccore/9.3.0/include/c++/9.3.0;/cvmfs/soft.computecanada.ca/easybuild/software/2020/Core/gcccore/9.3.0/include/c++/9.3.0/x86_64-pc-linux-gnu;/cvmfs/soft.computecanada.ca/easybuild/software/2020/Core/gcccore/9.3.0/include/c++/9.3.0/backward;/cvmfs/soft.computecanada.ca/easybuild/software/2020/Core/gcccore/9.3.0/lib/gcc/x86_64-pc-linux-gnu/9.3.0/include;/cvmfs/soft.computecanada.ca/gentoo/2020/usr/include]


Parsed CXX implicit link information from above output:
  link line regex: [^( *|.*[/\])(ld|CMAKE_LINK_STARTFILE-NOTFOUND|([^/\]+-)?ld|collect2)[^/\]*( |$)]
  ignore line: [Change Dir: /home/soma1701/installations/hierarchies_to_scale/loop_fun_src/build/CMakeFiles/CMakeTmp]
  ignore line: []
  ignore line: [Run Build Command(s):/cvmfs/soft.computecanada.ca/gentoo/2020/usr/bin/gmake cmTC_b3606/fast && /cvmfs/soft.computecanada.ca/gentoo/2020/usr/bin/gmake -f CMakeFiles/cmTC_b3606.dir/build.make CMakeFiles/cmTC_b3606.dir/build]
  ignore line: [gmake[1]: Entering directory '/home/soma1701/installations/hierarchies_to_scale/loop_fun_src/build/CMakeFiles/CMakeTmp']
  ignore line: [Building CXX object CMakeFiles/cmTC_b3606.dir/CMakeCXXCompilerABI.cpp.o]
  ignore line: [/cvmfs/soft.computecanada.ca/easybuild/software/2020/Core/gcccore/9.3.0/bin/c++    -v -o CMakeFiles/cmTC_b3606.dir/CMakeCXXCompilerABI.cpp.o -c /cvmfs/soft.computecanada.ca/gentoo/2020/usr/share/cmake/Modules/CMakeCXXCompilerABI.cpp]
  ignore line: [Using built-in specs.]
  ignore line: [COLLECT_GCC=/cvmfs/soft.computecanada.ca/easybuild/software/2020/Core/gcccore/9.3.0/bin/c++]
  ignore line: [OFFLOAD_TARGET_NAMES=nvptx-none]
  ignore line: [Target: x86_64-pc-linux-gnu]
  ignore line: [Configured with: ../configure --with-sysroot=/cvmfs/soft.computecanada.ca/gentoo/2020 --enable-languages=c,c++,fortran --without-cuda-driver --enable-offload-targets=nvptx-none --enable-lto --enable-checking=release --disable-multilib --enable-shared=yes --enable-static=yes --enable-threads=posix --enable-plugins --enable-gold=default --enable-ld --with-plugin-ld=ld.gold --prefix=/cvmfs/soft.computecanada.ca/easybuild/software/2020/Core/gcccore/9.3.0 --with-local-prefix=/cvmfs/soft.computecanada.ca/easybuild/software/2020/Core/gcccore/9.3.0 --enable-bootstrap --with-isl=/tmp/ebuser/avx2/GCCcore/9.3.0/system-system/gcc-9.3.0/stage2_stuff --build=x86_64-pc-linux-gnu --host=x86_64-pc-linux-gnu]
  ignore line: [Thread model: posix]
  ignore line: [gcc version 9.3.0 (GCC) ]
  ignore line: [COLLECT_GCC_OPTIONS='-v' '-o' 'CMakeFiles/cmTC_b3606.dir/CMakeCXXCompilerABI.cpp.o' '-c' '-shared-libgcc' '-mtune=generic' '-march=x86-64']
  ignore line: [ /cvmfs/soft.computecanada.ca/easybuild/software/2020/Core/gcccore/9.3.0/libexec/gcc/x86_64-pc-linux-gnu/9.3.0/cc1plus -quiet -v -D_GNU_SOURCE /cvmfs/soft.computecanada.ca/gentoo/2020/usr/share/cmake/Modules/CMakeCXXCompilerABI.cpp -quiet -dumpbase CMakeCXXCompilerABI.cpp -mtune=generic -march=x86-64 -auxbase-strip CMakeFiles/cmTC_b3606.dir/CMakeCXXCompilerABI.cpp.o -version -o /tmp/ccKUjuxz.s]
  ignore line: [GNU C++14 (GCC) version 9.3.0 (x86_64-pc-linux-gnu)]
  ignore line: [	compiled by GNU C version 9.3.0  GMP version 6.2.0  MPFR version 4.0.2  MPC version 1.1.0  isl version isl-0.22.1-GMP]
  ignore line: []
  ignore line: [GGC heuristics: --param ggc-min-expand=100 --param ggc-min-heapsize=131072]
  ignore line: [ignoring nonexistent directory "/cvmfs/soft.computecanada.ca/gentoo/2020/cvmfs/soft.computecanada.ca/easybuild/software/2020/Core/gcccore/9.3.0/include"]
  ignore line: [ignoring nonexistent directory "/cvmfs/soft.computecanada.ca/easybuild/software/2020/Core/gcccore/9.3.0/lib/gcc/x86_64-pc-linux-gnu/9.3.0/include-fixed"]
  ignore line: [ignoring nonexistent directory "/cvmfs/soft.computecanada.ca/easybuild/software/2020/Core/gcccore/9.3.0/lib/gcc/x86_64-pc-linux-gnu/9.3.0/../../../../x86_64-pc-linux-gnu/include"]
  ignore line: [#include "..." search starts here:]
  ignore line: [#include <...> search starts here:]
  ignore line: [ /cvmfs/soft.computecanada.ca/easybuild/software/2020/avx512/Compiler/intel2020/openmpi/4.0.3/include]
  ignore line: [ /cvmfs/soft.computecanada.ca/easybuild/software/2020/avx512/Core/libfabric/1.10.1/include]
  ignore line: [ /cvmfs/soft.computecanada.ca/easybuild/software/2020/avx512/Core/ucx/1.8.0/include]
  ignore line: [ /cvmfs/soft.computecanada.ca/easybuild/software/2020/Core/imkl/2020.1.217/mkl/include/fftw]
  ignore line: [ /cvmfs/soft.computecanada.ca/easybuild/software/2020/Core/imkl/2020.1.217/mkl/include]
  ignore line: [ /cvmfs/restricted.computecanada.ca/easybuild/software/2020/Core/intel/2020.1.217/compilers_and_libraries_2020.1.217/linux/tbb/include]
  ignore line: [ /cvmfs/soft.computecanada.ca/easybuild/software/2020/Core/gcccore/9.3.0/lib/gcc/x86_64-pc-linux-gnu/9.3.0/../../../../include/c++/9.3.0]
  ignore line: [ /cvmfs/soft.computecanada.ca/easybuild/software/2020/Core/gcccore/9.3.0/lib/gcc/x86_64-pc-linux-gnu/9.3.0/../../../../include/c++/9.3.0/x86_64-pc-linux-gnu]
  ignore line: [ /cvmfs/soft.computecanada.ca/easybuild/software/2020/Core/gcccore/9.3.0/lib/gcc/x86_64-pc-linux-gnu/9.3.0/../../../../include/c++/9.3.0/backward]
  ignore line: [ /cvmfs/soft.computecanada.ca/easybuild/software/2020/Core/gcccore/9.3.0/lib/gcc/x86_64-pc-linux-gnu/9.3.0/include]
  ignore line: [ /cvmfs/soft.computecanada.ca/gentoo/2020/usr/include]
  ignore line: [End of search list.]
  ignore line: [GNU C++14 (GCC) version 9.3.0 (x86_64-pc-linux-gnu)]
  ignore line: [	compiled by GNU C version 9.3.0  GMP version 6.2.0  MPFR version 4.0.2  MPC version 1.1.0  isl version isl-0.22.1-GMP]
  ignore line: []
  ignore line: [GGC heuristics: --param ggc-min-expand=100 --param ggc-min-heapsize=131072]
  ignore line: [Compiler executable checksum: 6bc1e845c0303f2db7e43e01b824cb9c]
  ignore line: [COLLECT_GCC_OPTIONS='-v' '-o' 'CMakeFiles/cmTC_b3606.dir/CMakeCXXCompilerABI.cpp.o' '-c' '-shared-libgcc' '-mtune=generic' '-march=x86-64']
  ignore line: [ as -v --64 -o CMakeFiles/cmTC_b3606.dir/CMakeCXXCompilerABI.cpp.o /tmp/ccKUjuxz.s]
  ignore line: [GNU assembler version 2.33.1 (x86_64-pc-linux-gnu) using BFD version (Gentoo 2.33.1 p2) 2.33.1]
  ignore line: [COMPILER_PATH=/cvmfs/soft.computecanada.ca/easybuild/software/2020/Core/gcccore/9.3.0/libexec/gcc/x86_64-pc-linux-gnu/9.3.0/:/cvmfs/soft.computecanada.ca/easybuild/software/2020/Core/gcccore/9.3.0/libexec/gcc/x86_64-pc-linux-gnu/9.3.0/:/cvmfs/soft.computecanada.ca/easybuild/software/2020/Core/gcccore/9.3.0/libexec/gcc/x86_64-pc-linux-gnu/:/cvmfs/soft.computecanada.ca/easybuild/software/2020/Core/gcccore/9.3.0/lib/gcc/x86_64-pc-linux-gnu/9.3.0/:/cvmfs/soft.computecanada.ca/easybuild/software/2020/Core/gcccore/9.3.0/lib/gcc/x86_64-pc-linux-gnu/]
  ignore line: [LIBRARY_PATH=/cvmfs/soft.computecanada.ca/easybuild/software/2020/avx512/Compiler/intel2020/openmpi/4.0.3/lib/../lib64/:/cvmfs/soft.computecanada.ca/easybuild/software/2020/Core/gcccore/9.3.0/lib/gcc/x86_64-pc-linux-gnu/9.3.0/:/cvmfs/soft.computecanada.ca/easybuild/software/2020/Core/gcccore/9.3.0/lib/gcc/x86_64-pc-linux-gnu/9.3.0/../../../../lib64/:/cvmfs/soft.computecanada.ca/gentoo/2020/lib/../lib64/:/cvmfs/soft.computecanada.ca/gentoo/2020/usr/lib/../lib64/:/cvmfs/soft.computecanada.ca/easybuild/software/2020/avx512/Compiler/intel2020/openmpi/4.0.3/lib/:/cvmfs/soft.computecanada.ca/easybuild/software/2020/avx512/Core/libfabric/1.10.1/lib/:/cvmfs/soft.computecanada.ca/easybuild/software/2020/avx512/Core/ucx/1.8.0/lib/:/cvmfs/soft.computecanada.ca/easybuild/software/2020/Core/imkl/2020.1.217/mkl/lib/intel64/:/cvmfs/soft.computecanada.ca/easybuild/software/2020/Core/imkl/2020.1.217/lib/intel64/:/cvmfs/restricted.computecanada.ca/easybuild/software/2020/Core/intel/2020.1.217/compilers_and_libraries_2020.1.217/linux/tbb/lib/intel64/gcc4.8/:/cvmfs/soft.computecanada.ca/easybuild/software/2020/Core/gcccore/9.3.0/lib/gcc/x86_64-pc-linux-gnu/9.3.0/../../../:/cvmfs/soft.computecanada.ca/gentoo/2020/lib/:/cvmfs/soft.computecanada.ca/gentoo/2020/usr/lib/]
  ignore line: [COLLECT_GCC_OPTIONS='-v' '-o' 'CMakeFiles/cmTC_b3606.dir/CMakeCXXCompilerABI.cpp.o' '-c' '-shared-libgcc' '-mtune=generic' '-march=x86-64']
  ignore line: [Linking CXX executable cmTC_b3606]
  ignore line: [/cvmfs/soft.computecanada.ca/gentoo/2020/usr/bin/cmake -E cmake_link_script CMakeFiles/cmTC_b3606.dir/link.txt --verbose=1]
  ignore line: [/cvmfs/soft.computecanada.ca/easybuild/software/2020/Core/gcccore/9.3.0/bin/c++      -v -rdynamic CMakeFiles/cmTC_b3606.dir/CMakeCXXCompilerABI.cpp.o  -o cmTC_b3606 ]
  ignore line: [Using built-in specs.]
  ignore line: [COLLECT_GCC=/cvmfs/soft.computecanada.ca/easybuild/software/2020/Core/gcccore/9.3.0/bin/c++]
  ignore line: [COLLECT_LTO_WRAPPER=/cvmfs/soft.computecanada.ca/easybuild/software/2020/Core/gcccore/9.3.0/libexec/gcc/x86_64-pc-linux-gnu/9.3.0/lto-wrapper]
  ignore line: [OFFLOAD_TARGET_NAMES=nvptx-none]
  ignore line: [Target: x86_64-pc-linux-gnu]
  ignore line: [Configured with: ../configure --with-sysroot=/cvmfs/soft.computecanada.ca/gentoo/2020 --enable-languages=c,c++,fortran --without-cuda-driver --enable-offload-targets=nvptx-none --enable-lto --enable-checking=release --disable-multilib --enable-shared=yes --enable-static=yes --enable-threads=posix --enable-plugins --enable-gold=default --enable-ld --with-plugin-ld=ld.gold --prefix=/cvmfs/soft.computecanada.ca/easybuild/software/2020/Core/gcccore/9.3.0 --with-local-prefix=/cvmfs/soft.computecanada.ca/easybuild/software/2020/Core/gcccore/9.3.0 --enable-bootstrap --with-isl=/tmp/ebuser/avx2/GCCcore/9.3.0/system-system/gcc-9.3.0/stage2_stuff --build=x86_64-pc-linux-gnu --host=x86_64-pc-linux-gnu]
  ignore line: [Thread model: posix]
  ignore line: [gcc version 9.3.0 (GCC) ]
  ignore line: [COMPILER_PATH=/cvmfs/soft.computecanada.ca/easybuild/software/2020/Core/gcccore/9.3.0/libexec/gcc/x86_64-pc-linux-gnu/9.3.0/:/cvmfs/soft.computecanada.ca/easybuild/software/2020/Core/gcccore/9.3.0/libexec/gcc/x86_64-pc-linux-gnu/9.3.0/:/cvmfs/soft.computecanada.ca/easybuild/software/2020/Core/gcccore/9.3.0/libexec/gcc/x86_64-pc-linux-gnu/:/cvmfs/soft.computecanada.ca/easybuild/software/2020/Core/gcccore/9.3.0/lib/gcc/x86_64-pc-linux-gnu/9.3.0/:/cvmfs/soft.computecanada.ca/easybuild/software/2020/Core/gcccore/9.3.0/lib/gcc/x86_64-pc-linux-gnu/]
  ignore line: [LIBRARY_PATH=/cvmfs/soft.computecanada.ca/easybuild/software/2020/avx512/Compiler/intel2020/openmpi/4.0.3/lib/../lib64/:/cvmfs/soft.computecanada.ca/easybuild/software/2020/Core/gcccore/9.3.0/lib/gcc/x86_64-pc-linux-gnu/9.3.0/:/cvmfs/soft.computecanada.ca/easybuild/software/2020/Core/gcccore/9.3.0/lib/gcc/x86_64-pc-linux-gnu/9.3.0/../../../../lib64/:/cvmfs/soft.computecanada.ca/gentoo/2020/lib/../lib64/:/cvmfs/soft.computecanada.ca/gentoo/2020/usr/lib/../lib64/:/cvmfs/soft.computecanada.ca/easybuild/software/2020/avx512/Compiler/intel2020/openmpi/4.0.3/lib/:/cvmfs/soft.computecanada.ca/easybuild/software/2020/avx512/Core/libfabric/1.10.1/lib/:/cvmfs/soft.computecanada.ca/easybuild/software/2020/avx512/Core/ucx/1.8.0/lib/:/cvmfs/soft.computecanada.ca/easybuild/software/2020/Core/imkl/2020.1.217/mkl/lib/intel64/:/cvmfs/soft.computecanada.ca/easybuild/software/2020/Core/imkl/2020.1.217/lib/intel64/:/cvmfs/restricted.computecanada.ca/easybuild/software/2020/Core/intel/2020.1.217/compilers_and_libraries_2020.1.217/linux/tbb/lib/intel64/gcc4.8/:/cvmfs/soft.computecanada.ca/easybuild/software/2020/Core/gcccore/9.3.0/lib/gcc/x86_64-pc-linux-gnu/9.3.0/../../../:/cvmfs/soft.computecanada.ca/gentoo/2020/lib/:/cvmfs/soft.computecanada.ca/gentoo/2020/usr/lib/]
  ignore line: [COLLECT_GCC_OPTIONS='-v' '-rdynamic' '-o' 'cmTC_b3606' '-shared-libgcc' '-mtune=generic' '-march=x86-64']
  link line: [ /cvmfs/soft.computecanada.ca/easybuild/software/2020/Core/gcccore/9.3.0/libexec/gcc/x86_64-pc-linux-gnu/9.3.0/collect2 -plugin /cvmfs/soft.computecanada.ca/easybuild/software/2020/Core/gcccore/9.3.0/libexec/gcc/x86_64-pc-linux-gnu/9.3.0/liblto_plugin.so -plugin-opt=/cvmfs/soft.computecanada.ca/easybuild/software/2020/Core/gcccore/9.3.0/libexec/gcc/x86_64-pc-linux-gnu/9.3.0/lto-wrapper -plugin-opt=-fresolution=/tmp/ccNHYB1U.res -plugin-opt=-pass-through=-lgcc_s -plugin-opt=-pass-through=-lgcc -plugin-opt=-pass-through=-lc -plugin-opt=-pass-through=-lgcc_s -plugin-opt=-pass-through=-lgcc --eh-frame-hdr -m elf_x86_64 -export-dynamic -dynamic-linker /cvmfs/soft.computecanada.ca/gentoo/2020/lib64/ld-linux-x86-64.so.2 -o cmTC_b3606 /cvmfs/soft.computecanada.ca/gentoo/2020/usr/lib/../lib64/crt1.o /cvmfs/soft.computecanada.ca/gentoo/2020/usr/lib/../lib64/crti.o /cvmfs/soft.computecanada.ca/easybuild/software/2020/Core/gcccore/9.3.0/lib/gcc/x86_64-pc-linux-gnu/9.3.0/crtbegin.o -L/cvmfs/soft.computecanada.ca/easybuild/software/2020/avx512/Compiler/intel2020/openmpi/4.0.3/lib/../lib64 -L/cvmfs/soft.computecanada.ca/easybuild/software/2020/Core/gcccore/9.3.0/lib/gcc/x86_64-pc-linux-gnu/9.3.0 -L/cvmfs/soft.computecanada.ca/easybuild/software/2020/Core/gcccore/9.3.0/lib/gcc/x86_64-pc-linux-gnu/9.3.0/../../../../lib64 -L/cvmfs/soft.computecanada.ca/gentoo/2020/lib/../lib64 -L/cvmfs/soft.computecanada.ca/gentoo/2020/usr/lib/../lib64 -L/cvmfs/soft.computecanada.ca/easybuild/software/2020/avx512/Compiler/intel2020/openmpi/4.0.3/lib -L/cvmfs/soft.computecanada.ca/easybuild/software/2020/avx512/Core/libfabric/1.10.1/lib -L/cvmfs/soft.computecanada.ca/easybuild/software/2020/avx512/Core/ucx/1.8.0/lib -L/cvmfs/soft.computecanada.ca/easybuild/software/2020/Core/imkl/2020.1.217/mkl/lib/intel64 -L/cvmfs/soft.computecanada.ca/easybuild/software/2020/Core/imkl/2020.1.217/lib/intel64 -L/cvmfs/restricted.computecanada.ca/easybuild/software/2020/Core/intel/2020.1.217/compilers_and_libraries_2020.1.217/linux/tbb/lib/intel64/gcc4.8 -L/cvmfs/soft.computecanada.ca/easybuild/software/2020/Core/gcccore/9.3.0/lib/gcc/x86_64-pc-linux-gnu/9.3.0/../../.. -L/cvmfs/soft.computecanada.ca/gentoo/2020/lib -L/cvmfs/soft.computecanada.ca/gentoo/2020/usr/lib CMakeFiles/cmTC_b3606.dir/CMakeCXXCompilerABI.cpp.o -lstdc++ -lm -lgcc_s -lgcc -lc -lgcc_s -lgcc /cvmfs/soft.computecanada.ca/easybuild/software/2020/Core/gcccore/9.3.0/lib/gcc/x86_64-pc-linux-gnu/9.3.0/crtend.o /cvmfs/soft.computecanada.ca/gentoo/2020/usr/lib/../lib64/crtn.o]
    arg [/cvmfs/soft.computecanada.ca/easybuild/software/2020/Core/gcccore/9.3.0/libexec/gcc/x86_64-pc-linux-gnu/9.3.0/collect2] ==> ignore
    arg [-plugin] ==> ignore
    arg [/cvmfs/soft.computecanada.ca/easybuild/software/2020/Core/gcccore/9.3.0/libexec/gcc/x86_64-pc-linux-gnu/9.3.0/liblto_plugin.so] ==> ignore
    arg [-plugin-opt=/cvmfs/soft.computecanada.ca/easybuild/software/2020/Core/gcccore/9.3.0/libexec/gcc/x86_64-pc-linux-gnu/9.3.0/lto-wrapper] ==> ignore
    arg [-plugin-opt=-fresolution=/tmp/ccNHYB1U.res] ==> ignore
    arg [-plugin-opt=-pass-through=-lgcc_s] ==> ignore
    arg [-plugin-opt=-pass-through=-lgcc] ==> ignore
    arg [-plugin-opt=-pass-through=-lc] ==> ignore
    arg [-plugin-opt=-pass-through=-lgcc_s] ==> ignore
    arg [-plugin-opt=-pass-through=-lgcc] ==> ignore
    arg [--eh-frame-hdr] ==> ignore
    arg [-m] ==> ignore
    arg [elf_x86_64] ==> ignore
    arg [-export-dynamic] ==> ignore
    arg [-dynamic-linker] ==> ignore
    arg [/cvmfs/soft.computecanada.ca/gentoo/2020/lib64/ld-linux-x86-64.so.2] ==> ignore
    arg [-o] ==> ignore
    arg [cmTC_b3606] ==> ignore
    arg [/cvmfs/soft.computecanada.ca/gentoo/2020/usr/lib/../lib64/crt1.o] ==> ignore
    arg [/cvmfs/soft.computecanada.ca/gentoo/2020/usr/lib/../lib64/crti.o] ==> ignore
    arg [/cvmfs/soft.computecanada.ca/easybuild/software/2020/Core/gcccore/9.3.0/lib/gcc/x86_64-pc-linux-gnu/9.3.0/crtbegin.o] ==> ignore
    arg [-L/cvmfs/soft.computecanada.ca/easybuild/software/2020/avx512/Compiler/intel2020/openmpi/4.0.3/lib/../lib64] ==> dir [/cvmfs/soft.computecanada.ca/easybuild/software/2020/avx512/Compiler/intel2020/openmpi/4.0.3/lib/../lib64]
    arg [-L/cvmfs/soft.computecanada.ca/easybuild/software/2020/Core/gcccore/9.3.0/lib/gcc/x86_64-pc-linux-gnu/9.3.0] ==> dir [/cvmfs/soft.computecanada.ca/easybuild/software/2020/Core/gcccore/9.3.0/lib/gcc/x86_64-pc-linux-gnu/9.3.0]
    arg [-L/cvmfs/soft.computecanada.ca/easybuild/software/2020/Core/gcccore/9.3.0/lib/gcc/x86_64-pc-linux-gnu/9.3.0/../../../../lib64] ==> dir [/cvmfs/soft.computecanada.ca/easybuild/software/2020/Core/gcccore/9.3.0/lib/gcc/x86_64-pc-linux-gnu/9.3.0/../../../../lib64]
    arg [-L/cvmfs/soft.computecanada.ca/gentoo/2020/lib/../lib64] ==> dir [/cvmfs/soft.computecanada.ca/gentoo/2020/lib/../lib64]
    arg [-L/cvmfs/soft.computecanada.ca/gentoo/2020/usr/lib/../lib64] ==> dir [/cvmfs/soft.computecanada.ca/gentoo/2020/usr/lib/../lib64]
    arg [-L/cvmfs/soft.computecanada.ca/easybuild/software/2020/avx512/Compiler/intel2020/openmpi/4.0.3/lib] ==> dir [/cvmfs/soft.computecanada.ca/easybuild/software/2020/avx512/Compiler/intel2020/openmpi/4.0.3/lib]
    arg [-L/cvmfs/soft.computecanada.ca/easybuild/software/2020/avx512/Core/libfabric/1.10.1/lib] ==> dir [/cvmfs/soft.computecanada.ca/easybuild/software/2020/avx512/Core/libfabric/1.10.1/lib]
    arg [-L/cvmfs/soft.computecanada.ca/easybuild/software/2020/avx512/Core/ucx/1.8.0/lib] ==> dir [/cvmfs/soft.computecanada.ca/easybuild/software/2020/avx512/Core/ucx/1.8.0/lib]
    arg [-L/cvmfs/soft.computecanada.ca/easybuild/software/2020/Core/imkl/2020.1.217/mkl/lib/intel64] ==> dir [/cvmfs/soft.computecanada.ca/easybuild/software/2020/Core/imkl/2020.1.217/mkl/lib/intel64]
    arg [-L/cvmfs/soft.computecanada.ca/easybuild/software/2020/Core/imkl/2020.1.217/lib/intel64] ==> dir [/cvmfs/soft.computecanada.ca/easybuild/software/2020/Core/imkl/2020.1.217/lib/intel64]
    arg [-L/cvmfs/restricted.computecanada.ca/easybuild/software/2020/Core/intel/2020.1.217/compilers_and_libraries_2020.1.217/linux/tbb/lib/intel64/gcc4.8] ==> dir [/cvmfs/restricted.computecanada.ca/easybuild/software/2020/Core/intel/2020.1.217/compilers_and_libraries_2020.1.217/linux/tbb/lib/intel64/gcc4.8]
    arg [-L/cvmfs/soft.computecanada.ca/easybuild/software/2020/Core/gcccore/9.3.0/lib/gcc/x86_64-pc-linux-gnu/9.3.0/../../..] ==> dir [/cvmfs/soft.computecanada.ca/easybuild/software/2020/Core/gcccore/9.3.0/lib/gcc/x86_64-pc-linux-gnu/9.3.0/../../..]
    arg [-L/cvmfs/soft.computecanada.ca/gentoo/2020/lib] ==> dir [/cvmfs/soft.computecanada.ca/gentoo/2020/lib]
    arg [-L/cvmfs/soft.computecanada.ca/gentoo/2020/usr/lib] ==> dir [/cvmfs/soft.computecanada.ca/gentoo/2020/usr/lib]
    arg [CMakeFiles/cmTC_b3606.dir/CMakeCXXCompilerABI.cpp.o] ==> ignore
    arg [-lstdc++] ==> lib [stdc++]
    arg [-lm] ==> lib [m]
    arg [-lgcc_s] ==> lib [gcc_s]
    arg [-lgcc] ==> lib [gcc]
    arg [-lc] ==> lib [c]
    arg [-lgcc_s] ==> lib [gcc_s]
    arg [-lgcc] ==> lib [gcc]
    arg [/cvmfs/soft.computecanada.ca/easybuild/software/2020/Core/gcccore/9.3.0/lib/gcc/x86_64-pc-linux-gnu/9.3.0/crtend.o] ==> ignore
    arg [/cvmfs/soft.computecanada.ca/gentoo/2020/usr/lib/../lib64/crtn.o] ==> ignore
  collapse library dir [/cvmfs/soft.computecanada.ca/easybuild/software/2020/avx512/Compiler/intel2020/openmpi/4.0.3/lib/../lib64] ==> [/cvmfs/soft.computecanada.ca/easybuild/software/2020/avx512/Compiler/intel2020/openmpi/4.0.3/lib64]
  collapse library dir [/cvmfs/soft.computecanada.ca/easybuild/software/2020/Core/gcccore/9.3.0/lib/gcc/x86_64-pc-linux-gnu/9.3.0] ==> [/cvmfs/soft.computecanada.ca/easybuild/software/2020/Core/gcccore/9.3.0/lib/gcc/x86_64-pc-linux-gnu/9.3.0]
  collapse library dir [/cvmfs/soft.computecanada.ca/easybuild/software/2020/Core/gcccore/9.3.0/lib/gcc/x86_64-pc-linux-gnu/9.3.0/../../../../lib64] ==> [/cvmfs/soft.computecanada.ca/easybuild/software/2020/Core/gcccore/9.3.0/lib64]
  collapse library dir [/cvmfs/soft.computecanada.ca/gentoo/2020/lib/../lib64] ==> [/cvmfs/soft.computecanada.ca/gentoo/2020/lib64]
  collapse library dir [/cvmfs/soft.computecanada.ca/gentoo/2020/usr/lib/../lib64] ==> [/cvmfs/soft.computecanada.ca/gentoo/2020/usr/lib64]
  collapse library dir [/cvmfs/soft.computecanada.ca/easybuild/software/2020/avx512/Compiler/intel2020/openmpi/4.0.3/lib] ==> [/cvmfs/soft.computecanada.ca/easybuild/software/2020/avx512/Compiler/intel2020/openmpi/4.0.3/lib]
  collapse library dir [/cvmfs/soft.computecanada.ca/easybuild/software/2020/avx512/Core/libfabric/1.10.1/lib] ==> [/cvmfs/soft.computecanada.ca/easybuild/software/2020/avx512/Core/libfabric/1.10.1/lib]
  collapse library dir [/cvmfs/soft.computecanada.ca/easybuild/software/2020/avx512/Core/ucx/1.8.0/lib] ==> [/cvmfs/soft.computecanada.ca/easybuild/software/2020/avx512/Core/ucx/1.8.0/lib]
  collapse library dir [/cvmfs/soft.computecanada.ca/easybuild/software/2020/Core/imkl/2020.1.217/mkl/lib/intel64] ==> [/cvmfs/soft.computecanada.ca/easybuild/software/2020/Core/imkl/2020.1.217/mkl/lib/intel64]
  collapse library dir [/cvmfs/soft.computecanada.ca/easybuild/software/2020/Core/imkl/2020.1.217/lib/intel64] ==> [/cvmfs/soft.computecanada.ca/easybuild/software/2020/Core/imkl/2020.1.217/lib/intel64]
  collapse library dir [/cvmfs/restricted.computecanada.ca/easybuild/software/2020/Core/intel/2020.1.217/compilers_and_libraries_2020.1.217/linux/tbb/lib/intel64/gcc4.8] ==> [/cvmfs/restricted.computecanada.ca/easybuild/software/2020/Core/intel/2020.1.217/compilers_and_libraries_2020.1.217/linux/tbb/lib/intel64/gcc4.8]
  collapse library dir [/cvmfs/soft.computecanada.ca/easybuild/software/2020/Core/gcccore/9.3.0/lib/gcc/x86_64-pc-linux-gnu/9.3.0/../../..] ==> [/cvmfs/soft.computecanada.ca/easybuild/software/2020/Core/gcccore/9.3.0/lib]
  collapse library dir [/cvmfs/soft.computecanada.ca/gentoo/2020/lib] ==> [/cvmfs/soft.computecanada.ca/gentoo/2020/lib]
  collapse library dir [/cvmfs/soft.computecanada.ca/gentoo/2020/usr/lib] ==> [/cvmfs/soft.computecanada.ca/gentoo/2020/usr/lib]
  implicit libs: [stdc++;m;gcc_s;gcc;c;gcc_s;gcc]
  implicit dirs: [/cvmfs/soft.computecanada.ca/easybuild/software/2020/avx512/Compiler/intel2020/openmpi/4.0.3/lib64;/cvmfs/soft.computecanada.ca/easybuild/software/2020/Core/gcccore/9.3.0/lib/gcc/x86_64-pc-linux-gnu/9.3.0;/cvmfs/soft.computecanada.ca/easybuild/software/2020/Core/gcccore/9.3.0/lib64;/cvmfs/soft.computecanada.ca/gentoo/2020/lib64;/cvmfs/soft.computecanada.ca/gentoo/2020/usr/lib64;/cvmfs/soft.computecanada.ca/easybuild/software/2020/avx512/Compiler/intel2020/openmpi/4.0.3/lib;/cvmfs/soft.computecanada.ca/easybuild/software/2020/avx512/Core/libfabric/1.10.1/lib;/cvmfs/soft.computecanada.ca/easybuild/software/2020/avx512/Core/ucx/1.8.0/lib;/cvmfs/soft.computecanada.ca/easybuild/software/2020/Core/imkl/2020.1.217/mkl/lib/intel64;/cvmfs/soft.computecanada.ca/easybuild/software/2020/Core/imkl/2020.1.217/lib/intel64;/cvmfs/restricted.computecanada.ca/easybuild/software/2020/Core/intel/2020.1.217/compilers_and_libraries_2020.1.217/linux/tbb/lib/intel64/gcc4.8;/cvmfs/soft.computecanada.ca/easybuild/software/2020/Core/gcccore/9.3.0/lib;/cvmfs/soft.computecanada.ca/gentoo/2020/lib;/cvmfs/soft.computecanada.ca/gentoo/2020/usr/lib]
  implicit fwks: []


